# JRE version: Java(TM) SE Runtime Environment (8.0_151-b12) (build 1.8.0_151-b12)
# Java VM: Java HotSpot(TM) 64-Bit Server VM (25.151-b12 mixed mode linux-amd64 compressed oops)
Heap:
 def new generation   total 14848K, used 2682K [0x00000000d1600000, 0x00000000d2610000, 0x00000000e0ea0000)
  eden space 13248K,  20% used [0x00000000d1600000, 0x00000000d189e900, 0x00000000d22f0000)
  from space 1600K,   0% used [0x00000000d22f0000, 0x00000000d22f0000, 0x00000000d2480000)
  to   space 1600K,   0% used [0x00000000d2480000, 0x00000000d2480000, 0x00000000d2610000)
 tenured generation   total 32768K, used 6809K [0x00000000e0ea0000, 0x00000000e2ea0000, 0x0000000100000000)
   the space 32768K,  20% used [0x00000000e0ea0000, 0x00000000e1546508, 0x00000000e1546600, 0x00000000e2ea0000)
 Metaspace       used 21263K, capacity 21474K, committed 21888K, reserved 1069056K
  class space    used 2498K, capacity 2569K, committed 2688K, reserved 1048576K
GC Heap History (10 events):
Event: 16.491 GC heap before
{Heap before GC invocations=8 (full 0):
 def new generation   total 14784K, used 14771K [0x00000000d1600000, 0x00000000d2600000, 0x00000000e0ea0000)
  eden space 13184K, 100% used [0x00000000d1600000, 0x00000000d22e0000, 0x00000000d22e0000)
  from space 1600K,  99% used [0x00000000d22e0000, 0x00000000d246cd78, 0x00000000d2470000)
  to   space 1600K,   0% used [0x00000000d2470000, 0x00000000d2470000, 0x00000000d2600000)
 tenured generation   total 32768K, used 6525K [0x00000000e0ea0000, 0x00000000e2ea0000, 0x0000000100000000)
   the space 32768K,  19% used [0x00000000e0ea0000, 0x00000000e14ff6c0, 0x00000000e14ff800, 0x00000000e2ea0000)
 Metaspace       used 16967K, capacity 17152K, committed 17408K, reserved 1064960K
  class space    used 1960K, capacity 2024K, committed 2048K, reserved 1048576K
Event: 16.501 GC heap after
Heap after GC invocations=9 (full 0):
 def new generation   total 14784K, used 1599K [0x00000000d1600000, 0x00000000d2600000, 0x00000000e0ea0000)
  eden space 13184K,   0% used [0x00000000d1600000, 0x00000000d1600000, 0x00000000d22e0000)
  from space 1600K,  99% used [0x00000000d2470000, 0x00000000d25ffff8, 0x00000000d2600000)
  to   space 1600K,   0% used [0x00000000d22e0000, 0x00000000d22e0000, 0x00000000d2470000)
 tenured generation   total 32768K, used 7138K [0x00000000e0ea0000, 0x00000000e2ea0000, 0x0000000100000000)
   the space 32768K,  21% used [0x00000000e0ea0000, 0x00000000e1598af0, 0x00000000e1598c00, 0x00000000e2ea0000)
 Metaspace       used 16967K, capacity 17152K, committed 17408K, reserved 1064960K
  class space    used 1960K, capacity 2024K, committed 2048K, reserved 1048576K
}
Event: 17.980 GC heap before
{Heap before GC invocations=9 (full 0):
 def new generation   total 14784K, used 14783K [0x00000000d1600000, 0x00000000d2600000, 0x00000000e0ea0000)
  eden space 13184K, 100% used [0x00000000d1600000, 0x00000000d22e0000, 0x00000000d22e0000)
  from space 1600K,  99% used [0x00000000d2470000, 0x00000000d25ffff8, 0x00000000d2600000)
  to   space 1600K,   0% used [0x00000000d22e0000, 0x00000000d22e0000, 0x00000000d2470000)
 tenured generation   total 32768K, used 7138K [0x00000000e0ea0000, 0x00000000e2ea0000, 0x0000000100000000)
   the space 32768K,  21% used [0x00000000e0ea0000, 0x00000000e1598af0, 0x00000000e1598c00, 0x00000000e2ea0000)
 Metaspace       used 18475K, capacity 18752K, committed 18944K, reserved 1067008K
  class space    used 2184K, capacity 2280K, committed 2304K, reserved 1048576K
Event: 18.003 GC heap after
Heap after GC invocations=10 (full 0):
 def new generation   total 14784K, used 1378K [0x00000000d1600000, 0x00000000d2600000, 0x00000000e0ea0000)
  eden space 13184K,   0% used [0x00000000d1600000, 0x00000000d1600000, 0x00000000d22e0000)
  from space 1600K,  86% used [0x00000000d22e0000, 0x00000000d2438a68, 0x00000000d2470000)
  to   space 1600K,   0% used [0x00000000d2470000, 0x00000000d2470000, 0x00000000d2600000)
 tenured generation   total 32768K, used 7263K [0x00000000e0ea0000, 0x00000000e2ea0000, 0x0000000100000000)
   the space 32768K,  22% used [0x00000000e0ea0000, 0x00000000e15b7eb0, 0x00000000e15b8000, 0x00000000e2ea0000)
 Metaspace       used 18475K, capacity 18752K, committed 18944K, reserved 1067008K
  class space    used 2184K, capacity 2280K, committed 2304K, reserved 1048576K
}
Event: 18.989 GC heap before
{Heap before GC invocations=10 (full 0):
 def new generation   total 14784K, used 14562K [0x00000000d1600000, 0x00000000d2600000, 0x00000000e0ea0000)
  eden space 13184K, 100% used [0x00000000d1600000, 0x00000000d22e0000, 0x00000000d22e0000)
  from space 1600K,  86% used [0x00000000d22e0000, 0x00000000d2438a68, 0x00000000d2470000)
  to   space 1600K,   0% used [0x00000000d2470000, 0x00000000d2470000, 0x00000000d2600000)
 tenured generation   total 32768K, used 7263K [0x00000000e0ea0000, 0x00000000e2ea0000, 0x0000000100000000)
   the space 32768K,  22% used [0x00000000e0ea0000, 0x00000000e15b7eb0, 0x00000000e15b8000, 0x00000000e2ea0000)
 Metaspace       used 20097K, capacity 20226K, committed 20352K, reserved 1067008K
  class space    used 2355K, capacity 2409K, committed 2432K, reserved 1048576K
Event: 18.996 GC heap after
Heap after GC invocations=11 (full 0):
 def new generation   total 14784K, used 1086K [0x00000000d1600000, 0x00000000d2600000, 0x00000000e0ea0000)
  eden space 13184K,   0% used [0x00000000d1600000, 0x00000000d1600000, 0x00000000d22e0000)
  from space 1600K,  67% used [0x00000000d2470000, 0x00000000d257f810, 0x00000000d2600000)
  to   space 1600K,   0% used [0x00000000d22e0000, 0x00000000d22e0000, 0x00000000d2470000)
 tenured generation   total 32768K, used 7681K [0x00000000e0ea0000, 0x00000000e2ea0000, 0x0000000100000000)
   the space 32768K,  23% used [0x00000000e0ea0000, 0x00000000e1620470, 0x00000000e1620600, 0x00000000e2ea0000)
 Metaspace       used 20097K, capacity 20226K, committed 20352K, reserved 1067008K
  class space    used 2355K, capacity 2409K, committed 2432K, reserved 1048576K
}
Event: 19.951 GC heap before
{Heap before GC invocations=11 (full 0):
 def new generation   total 14784K, used 14270K [0x00000000d1600000, 0x00000000d2600000, 0x00000000e0ea0000)
  eden space 13184K, 100% used [0x00000000d1600000, 0x00000000d22e0000, 0x00000000d22e0000)
  from space 1600K,  67% used [0x00000000d2470000, 0x00000000d257f810, 0x00000000d2600000)
  to   space 1600K,   0% used [0x00000000d22e0000, 0x00000000d22e0000, 0x00000000d2470000)
 tenured generation   total 32768K, used 7681K [0x00000000e0ea0000, 0x00000000e2ea0000, 0x0000000100000000)
   the space 32768K,  23% used [0x00000000e0ea0000, 0x00000000e1620470, 0x00000000e1620600, 0x00000000e2ea0000)
 Metaspace       used 20317K, capacity 20514K, committed 20736K, reserved 1067008K
  class space    used 2383K, capacity 2441K, committed 2560K, reserved 1048576K
Event: 19.965 GC heap after
Heap after GC invocations=12 (full 0):
 def new generation   total 14784K, used 614K [0x00000000d1600000, 0x00000000d2600000, 0x00000000e0ea0000)
  eden space 13184K,   0% used [0x00000000d1600000, 0x00000000d1600000, 0x00000000d22e0000)
  from space 1600K,  38% used [0x00000000d22e0000, 0x00000000d2379a98, 0x00000000d2470000)
  to   space 1600K,   0% used [0x00000000d2470000, 0x00000000d2470000, 0x00000000d2600000)
 tenured generation   total 32768K, used 7871K [0x00000000e0ea0000, 0x00000000e2ea0000, 0x0000000100000000)
   the space 32768K,  24% used [0x00000000e0ea0000, 0x00000000e164fff0, 0x00000000e1650000, 0x00000000e2ea0000)
 Metaspace       used 20317K, capacity 20514K, committed 20736K, reserved 1067008K
  class space    used 2383K, capacity 2441K, committed 2560K, reserved 1048576K
}
Event: 20.388 GC heap before
{Heap before GC invocations=12 (full 0):
 def new generation   total 14784K, used 5080K [0x00000000d1600000, 0x00000000d2600000, 0x00000000e0ea0000)
  eden space 13184K,  33% used [0x00000000d1600000, 0x00000000d1a5c6f8, 0x00000000d22e0000)
  from space 1600K,  38% used [0x00000000d22e0000, 0x00000000d2379a98, 0x00000000d2470000)
  to   space 1600K,   0% used [0x00000000d2470000, 0x00000000d2470000, 0x00000000d2600000)
 tenured generation   total 32768K, used 7871K [0x00000000e0ea0000, 0x00000000e2ea0000, 0x0000000100000000)
   the space 32768K,  24% used [0x00000000e0ea0000, 0x00000000e164fff0, 0x00000000e1650000, 0x00000000e2ea0000)
 Metaspace       used 20941K, capacity 21122K, committed 21248K, reserved 1069056K
  class space    used 2462K, capacity 2537K, committed 2560K, reserved 1048576K
Event: 20.553 GC heap after
Heap after GC invocations=13 (full 1):
 def new generation   total 14848K, used 0K [0x00000000d1600000, 0x00000000d2610000, 0x00000000e0ea0000)
  eden space 13248K,   0% used [0x00000000d1600000, 0x00000000d1600000, 0x00000000d22f0000)
  from space 1600K,   0% used [0x00000000d22f0000, 0x00000000d22f0000, 0x00000000d2480000)
  to   space 1600K,   0% used [0x00000000d2480000, 0x00000000d2480000, 0x00000000d2610000)
 tenured generation   total 32768K, used 6809K [0x00000000e0ea0000, 0x00000000e2ea0000, 0x0000000100000000)
   the space 32768K,  20% used [0x00000000e0ea0000, 0x00000000e1546508, 0x00000000e1546600, 0x00000000e2ea0000)
 Metaspace       used 20941K, capacity 21122K, committed 21248K, reserved 1069056K
  class space    used 2462K, capacity 2537K, committed 2560K, reserved 1048576K
}

