# JRE version: Java(TM) SE Runtime Environment (8.0_151-b12) (build 1.8.0_151-b12)
# Java VM: Java HotSpot(TM) 64-Bit Server VM (25.151-b12 mixed mode linux-amd64 compressed oops)
Heap:
 def new generation   total 14848K, used 9475K [0x00000000d1600000, 0x00000000d2610000, 0x00000000e0ea0000)
  eden space 13248K,  71% used [0x00000000d1600000, 0x00000000d1f40f50, 0x00000000d22f0000)
  from space 1600K,   0% used [0x00000000d22f0000, 0x00000000d22f0000, 0x00000000d2480000)
  to   space 1600K,   0% used [0x00000000d2480000, 0x00000000d2480000, 0x00000000d2610000)
 tenured generation   total 32768K, used 6823K [0x00000000e0ea0000, 0x00000000e2ea0000, 0x0000000100000000)
   the space 32768K,  20% used [0x00000000e0ea0000, 0x00000000e1549fd0, 0x00000000e154a000, 0x00000000e2ea0000)
 Metaspace       used 21391K, capacity 21594K, committed 21888K, reserved 1069056K
  class space    used 2510K, capacity 2569K, committed 2688K, reserved 1048576K
GC Heap History (10 events):
Event: 10.639 GC heap before
{Heap before GC invocations=8 (full 0):
 def new generation   total 14784K, used 14770K [0x00000000d1600000, 0x00000000d2600000, 0x00000000e0ea0000)
  eden space 13184K, 100% used [0x00000000d1600000, 0x00000000d22e0000, 0x00000000d22e0000)
  from space 1600K,  99% used [0x00000000d22e0000, 0x00000000d246cac0, 0x00000000d2470000)
  to   space 1600K,   0% used [0x00000000d2470000, 0x00000000d2470000, 0x00000000d2600000)
 tenured generation   total 32768K, used 6519K [0x00000000e0ea0000, 0x00000000e2ea0000, 0x0000000100000000)
   the space 32768K,  19% used [0x00000000e0ea0000, 0x00000000e14fde58, 0x00000000e14fe000, 0x00000000e2ea0000)
 Metaspace       used 16941K, capacity 17144K, committed 17408K, reserved 1064960K
  class space    used 1960K, capacity 2024K, committed 2048K, reserved 1048576K
Event: 10.648 GC heap after
Heap after GC invocations=9 (full 0):
 def new generation   total 14784K, used 1600K [0x00000000d1600000, 0x00000000d2600000, 0x00000000e0ea0000)
  eden space 13184K,   0% used [0x00000000d1600000, 0x00000000d1600000, 0x00000000d22e0000)
  from space 1600K, 100% used [0x00000000d2470000, 0x00000000d2600000, 0x00000000d2600000)
  to   space 1600K,   0% used [0x00000000d22e0000, 0x00000000d22e0000, 0x00000000d2470000)
 tenured generation   total 32768K, used 7128K [0x00000000e0ea0000, 0x00000000e2ea0000, 0x0000000100000000)
   the space 32768K,  21% used [0x00000000e0ea0000, 0x00000000e1596028, 0x00000000e1596200, 0x00000000e2ea0000)
 Metaspace       used 16941K, capacity 17144K, committed 17408K, reserved 1064960K
  class space    used 1960K, capacity 2024K, committed 2048K, reserved 1048576K
}
Event: 11.722 GC heap before
{Heap before GC invocations=9 (full 0):
 def new generation   total 14784K, used 14784K [0x00000000d1600000, 0x00000000d2600000, 0x00000000e0ea0000)
  eden space 13184K, 100% used [0x00000000d1600000, 0x00000000d22e0000, 0x00000000d22e0000)
  from space 1600K, 100% used [0x00000000d2470000, 0x00000000d2600000, 0x00000000d2600000)
  to   space 1600K,   0% used [0x00000000d22e0000, 0x00000000d22e0000, 0x00000000d2470000)
 tenured generation   total 32768K, used 7128K [0x00000000e0ea0000, 0x00000000e2ea0000, 0x0000000100000000)
   the space 32768K,  21% used [0x00000000e0ea0000, 0x00000000e1596028, 0x00000000e1596200, 0x00000000e2ea0000)
 Metaspace       used 18439K, capacity 18648K, committed 18944K, reserved 1067008K
  class space    used 2182K, capacity 2248K, committed 2304K, reserved 1048576K
Event: 11.735 GC heap after
Heap after GC invocations=10 (full 0):
 def new generation   total 14784K, used 1371K [0x00000000d1600000, 0x00000000d2600000, 0x00000000e0ea0000)
  eden space 13184K,   0% used [0x00000000d1600000, 0x00000000d1600000, 0x00000000d22e0000)
  from space 1600K,  85% used [0x00000000d22e0000, 0x00000000d2436c70, 0x00000000d2470000)
  to   space 1600K,   0% used [0x00000000d2470000, 0x00000000d2470000, 0x00000000d2600000)
 tenured generation   total 32768K, used 7252K [0x00000000e0ea0000, 0x00000000e2ea0000, 0x0000000100000000)
   the space 32768K,  22% used [0x00000000e0ea0000, 0x00000000e15b53e8, 0x00000000e15b5400, 0x00000000e2ea0000)
 Metaspace       used 18439K, capacity 18648K, committed 18944K, reserved 1067008K
  class space    used 2182K, capacity 2248K, committed 2304K, reserved 1048576K
}
Event: 12.470 GC heap before
{Heap before GC invocations=10 (full 0):
 def new generation   total 14784K, used 14555K [0x00000000d1600000, 0x00000000d2600000, 0x00000000e0ea0000)
  eden space 13184K, 100% used [0x00000000d1600000, 0x00000000d22e0000, 0x00000000d22e0000)
  from space 1600K,  85% used [0x00000000d22e0000, 0x00000000d2436c70, 0x00000000d2470000)
  to   space 1600K,   0% used [0x00000000d2470000, 0x00000000d2470000, 0x00000000d2600000)
 tenured generation   total 32768K, used 7252K [0x00000000e0ea0000, 0x00000000e2ea0000, 0x0000000100000000)
   the space 32768K,  22% used [0x00000000e0ea0000, 0x00000000e15b53e8, 0x00000000e15b5400, 0x00000000e2ea0000)
 Metaspace       used 20070K, capacity 20218K, committed 20352K, reserved 1067008K
  class space    used 2355K, capacity 2409K, committed 2432K, reserved 1048576K
Event: 12.479 GC heap after
Heap after GC invocations=11 (full 0):
 def new generation   total 14784K, used 1083K [0x00000000d1600000, 0x00000000d2600000, 0x00000000e0ea0000)
  eden space 13184K,   0% used [0x00000000d1600000, 0x00000000d1600000, 0x00000000d22e0000)
  from space 1600K,  67% used [0x00000000d2470000, 0x00000000d257ecb0, 0x00000000d2600000)
  to   space 1600K,   0% used [0x00000000d22e0000, 0x00000000d22e0000, 0x00000000d2470000)
 tenured generation   total 32768K, used 7669K [0x00000000e0ea0000, 0x00000000e2ea0000, 0x0000000100000000)
   the space 32768K,  23% used [0x00000000e0ea0000, 0x00000000e161d718, 0x00000000e161d800, 0x00000000e2ea0000)
 Metaspace       used 20070K, capacity 20218K, committed 20352K, reserved 1067008K
  class space    used 2355K, capacity 2409K, committed 2432K, reserved 1048576K
}
Event: 13.252 GC heap before
{Heap before GC invocations=11 (full 0):
 def new generation   total 14784K, used 14267K [0x00000000d1600000, 0x00000000d2600000, 0x00000000e0ea0000)
  eden space 13184K, 100% used [0x00000000d1600000, 0x00000000d22e0000, 0x00000000d22e0000)
  from space 1600K,  67% used [0x00000000d2470000, 0x00000000d257ecb0, 0x00000000d2600000)
  to   space 1600K,   0% used [0x00000000d22e0000, 0x00000000d22e0000, 0x00000000d2470000)
 tenured generation   total 32768K, used 7669K [0x00000000e0ea0000, 0x00000000e2ea0000, 0x0000000100000000)
   the space 32768K,  23% used [0x00000000e0ea0000, 0x00000000e161d718, 0x00000000e161d800, 0x00000000e2ea0000)
 Metaspace       used 20278K, capacity 20506K, committed 20736K, reserved 1067008K
  class space    used 2380K, capacity 2441K, committed 2560K, reserved 1048576K
Event: 13.262 GC heap after
Heap after GC invocations=12 (full 0):
 def new generation   total 14784K, used 587K [0x00000000d1600000, 0x00000000d2600000, 0x00000000e0ea0000)
  eden space 13184K,   0% used [0x00000000d1600000, 0x00000000d1600000, 0x00000000d22e0000)
  from space 1600K,  36% used [0x00000000d22e0000, 0x00000000d2372ff8, 0x00000000d2470000)
  to   space 1600K,   0% used [0x00000000d2470000, 0x00000000d2470000, 0x00000000d2600000)
 tenured generation   total 32768K, used 7861K [0x00000000e0ea0000, 0x00000000e2ea0000, 0x0000000100000000)
   the space 32768K,  23% used [0x00000000e0ea0000, 0x00000000e164d660, 0x00000000e164d800, 0x00000000e2ea0000)
 Metaspace       used 20278K, capacity 20506K, committed 20736K, reserved 1067008K
  class space    used 2380K, capacity 2441K, committed 2560K, reserved 1048576K
}
Event: 13.586 GC heap before
{Heap before GC invocations=12 (full 0):
 def new generation   total 14784K, used 5073K [0x00000000d1600000, 0x00000000d2600000, 0x00000000e0ea0000)
  eden space 13184K,  34% used [0x00000000d1600000, 0x00000000d1a61650, 0x00000000d22e0000)
  from space 1600K,  36% used [0x00000000d22e0000, 0x00000000d2372ff8, 0x00000000d2470000)
  to   space 1600K,   0% used [0x00000000d2470000, 0x00000000d2470000, 0x00000000d2600000)
 tenured generation   total 32768K, used 7861K [0x00000000e0ea0000, 0x00000000e2ea0000, 0x0000000100000000)
   the space 32768K,  23% used [0x00000000e0ea0000, 0x00000000e164d660, 0x00000000e164d800, 0x00000000e2ea0000)
 Metaspace       used 20920K, capacity 21114K, committed 21248K, reserved 1069056K
  class space    used 2462K, capacity 2537K, committed 2560K, reserved 1048576K
Event: 13.735 GC heap after
Heap after GC invocations=13 (full 1):
 def new generation   total 14848K, used 0K [0x00000000d1600000, 0x00000000d2610000, 0x00000000e0ea0000)
  eden space 13248K,   0% used [0x00000000d1600000, 0x00000000d1600000, 0x00000000d22f0000)
  from space 1600K,   0% used [0x00000000d22f0000, 0x00000000d22f0000, 0x00000000d2480000)
  to   space 1600K,   0% used [0x00000000d2480000, 0x00000000d2480000, 0x00000000d2610000)
 tenured generation   total 32768K, used 6823K [0x00000000e0ea0000, 0x00000000e2ea0000, 0x0000000100000000)
   the space 32768K,  20% used [0x00000000e0ea0000, 0x00000000e1549fd0, 0x00000000e154a000, 0x00000000e2ea0000)
 Metaspace       used 20920K, capacity 21114K, committed 21248K, reserved 1069056K
  class space    used 2462K, capacity 2537K, committed 2560K, reserved 1048576K
}

