# JRE version: Java(TM) SE Runtime Environment (8.0_151-b12) (build 1.8.0_151-b12)
# Java VM: Java HotSpot(TM) 64-Bit Server VM (25.151-b12 mixed mode linux-amd64 compressed oops)
Heap:
 def new generation   total 14848K, used 9627K [0x00000000d1600000, 0x00000000d2610000, 0x00000000e0ea0000)
  eden space 13248K,  72% used [0x00000000d1600000, 0x00000000d1f66d60, 0x00000000d22f0000)
  from space 1600K,   0% used [0x00000000d22f0000, 0x00000000d22f0000, 0x00000000d2480000)
  to   space 1600K,   0% used [0x00000000d2480000, 0x00000000d2480000, 0x00000000d2610000)
 tenured generation   total 32768K, used 6836K [0x00000000e0ea0000, 0x00000000e2ea0000, 0x0000000100000000)
   the space 32768K,  20% used [0x00000000e0ea0000, 0x00000000e154d270, 0x00000000e154d400, 0x00000000e2ea0000)
 Metaspace       used 21404K, capacity 21602K, committed 21888K, reserved 1069056K
  class space    used 2510K, capacity 2569K, committed 2688K, reserved 1048576K
GC Heap History (10 events):
Event: 11.211 GC heap before
{Heap before GC invocations=8 (full 0):
 def new generation   total 14784K, used 14781K [0x00000000d1600000, 0x00000000d2600000, 0x00000000e0ea0000)
  eden space 13184K, 100% used [0x00000000d1600000, 0x00000000d22e0000, 0x00000000d22e0000)
  from space 1600K,  99% used [0x00000000d22e0000, 0x00000000d246f6e8, 0x00000000d2470000)
  to   space 1600K,   0% used [0x00000000d2470000, 0x00000000d2470000, 0x00000000d2600000)
 tenured generation   total 32768K, used 6550K [0x00000000e0ea0000, 0x00000000e2ea0000, 0x0000000100000000)
   the space 32768K,  19% used [0x00000000e0ea0000, 0x00000000e1505a50, 0x00000000e1505c00, 0x00000000e2ea0000)
 Metaspace       used 16974K, capacity 17152K, committed 17408K, reserved 1064960K
  class space    used 1962K, capacity 2024K, committed 2048K, reserved 1048576K
Event: 11.220 GC heap after
Heap after GC invocations=9 (full 0):
 def new generation   total 14784K, used 1599K [0x00000000d1600000, 0x00000000d2600000, 0x00000000e0ea0000)
  eden space 13184K,   0% used [0x00000000d1600000, 0x00000000d1600000, 0x00000000d22e0000)
  from space 1600K,  99% used [0x00000000d2470000, 0x00000000d25ffff8, 0x00000000d2600000)
  to   space 1600K,   0% used [0x00000000d22e0000, 0x00000000d22e0000, 0x00000000d2470000)
 tenured generation   total 32768K, used 7131K [0x00000000e0ea0000, 0x00000000e2ea0000, 0x0000000100000000)
   the space 32768K,  21% used [0x00000000e0ea0000, 0x00000000e1596ef8, 0x00000000e1597000, 0x00000000e2ea0000)
 Metaspace       used 16974K, capacity 17152K, committed 17408K, reserved 1064960K
  class space    used 1962K, capacity 2024K, committed 2048K, reserved 1048576K
}
Event: 12.364 GC heap before
{Heap before GC invocations=9 (full 0):
 def new generation   total 14784K, used 14783K [0x00000000d1600000, 0x00000000d2600000, 0x00000000e0ea0000)
  eden space 13184K, 100% used [0x00000000d1600000, 0x00000000d22e0000, 0x00000000d22e0000)
  from space 1600K,  99% used [0x00000000d2470000, 0x00000000d25ffff8, 0x00000000d2600000)
  to   space 1600K,   0% used [0x00000000d22e0000, 0x00000000d22e0000, 0x00000000d2470000)
 tenured generation   total 32768K, used 7131K [0x00000000e0ea0000, 0x00000000e2ea0000, 0x0000000100000000)
   the space 32768K,  21% used [0x00000000e0ea0000, 0x00000000e1596ef8, 0x00000000e1597000, 0x00000000e2ea0000)
 Metaspace       used 18514K, capacity 18688K, committed 18944K, reserved 1067008K
  class space    used 2192K, capacity 2280K, committed 2304K, reserved 1048576K
Event: 12.377 GC heap after
Heap after GC invocations=10 (full 0):
 def new generation   total 14784K, used 1386K [0x00000000d1600000, 0x00000000d2600000, 0x00000000e0ea0000)
  eden space 13184K,   0% used [0x00000000d1600000, 0x00000000d1600000, 0x00000000d22e0000)
  from space 1600K,  86% used [0x00000000d22e0000, 0x00000000d243a9d0, 0x00000000d2470000)
  to   space 1600K,   0% used [0x00000000d2470000, 0x00000000d2470000, 0x00000000d2600000)
 tenured generation   total 32768K, used 7279K [0x00000000e0ea0000, 0x00000000e2ea0000, 0x0000000100000000)
   the space 32768K,  22% used [0x00000000e0ea0000, 0x00000000e15bbe60, 0x00000000e15bc000, 0x00000000e2ea0000)
 Metaspace       used 18514K, capacity 18688K, committed 18944K, reserved 1067008K
  class space    used 2192K, capacity 2280K, committed 2304K, reserved 1048576K
}
Event: 13.124 GC heap before
{Heap before GC invocations=10 (full 0):
 def new generation   total 14784K, used 14570K [0x00000000d1600000, 0x00000000d2600000, 0x00000000e0ea0000)
  eden space 13184K, 100% used [0x00000000d1600000, 0x00000000d22e0000, 0x00000000d22e0000)
  from space 1600K,  86% used [0x00000000d22e0000, 0x00000000d243a9d0, 0x00000000d2470000)
  to   space 1600K,   0% used [0x00000000d2470000, 0x00000000d2470000, 0x00000000d2600000)
 tenured generation   total 32768K, used 7279K [0x00000000e0ea0000, 0x00000000e2ea0000, 0x0000000100000000)
   the space 32768K,  22% used [0x00000000e0ea0000, 0x00000000e15bbe60, 0x00000000e15bc000, 0x00000000e2ea0000)
 Metaspace       used 20086K, capacity 20226K, committed 20352K, reserved 1067008K
  class space    used 2355K, capacity 2409K, committed 2432K, reserved 1048576K
Event: 13.130 GC heap after
Heap after GC invocations=11 (full 0):
 def new generation   total 14784K, used 1192K [0x00000000d1600000, 0x00000000d2600000, 0x00000000e0ea0000)
  eden space 13184K,   0% used [0x00000000d1600000, 0x00000000d1600000, 0x00000000d22e0000)
  from space 1600K,  74% used [0x00000000d2470000, 0x00000000d259a370, 0x00000000d2600000)
  to   space 1600K,   0% used [0x00000000d22e0000, 0x00000000d22e0000, 0x00000000d2470000)
 tenured generation   total 32768K, used 7667K [0x00000000e0ea0000, 0x00000000e2ea0000, 0x0000000100000000)
   the space 32768K,  23% used [0x00000000e0ea0000, 0x00000000e161cd48, 0x00000000e161ce00, 0x00000000e2ea0000)
 Metaspace       used 20086K, capacity 20226K, committed 20352K, reserved 1067008K
  class space    used 2355K, capacity 2409K, committed 2432K, reserved 1048576K
}
Event: 13.934 GC heap before
{Heap before GC invocations=11 (full 0):
 def new generation   total 14784K, used 14376K [0x00000000d1600000, 0x00000000d2600000, 0x00000000e0ea0000)
  eden space 13184K, 100% used [0x00000000d1600000, 0x00000000d22e0000, 0x00000000d22e0000)
  from space 1600K,  74% used [0x00000000d2470000, 0x00000000d259a370, 0x00000000d2600000)
  to   space 1600K,   0% used [0x00000000d22e0000, 0x00000000d22e0000, 0x00000000d2470000)
 tenured generation   total 32768K, used 7667K [0x00000000e0ea0000, 0x00000000e2ea0000, 0x0000000100000000)
   the space 32768K,  23% used [0x00000000e0ea0000, 0x00000000e161cd48, 0x00000000e161ce00, 0x00000000e2ea0000)
 Metaspace       used 20352K, capacity 20578K, committed 20992K, reserved 1067008K
  class space    used 2386K, capacity 2441K, committed 2560K, reserved 1048576K
Event: 13.945 GC heap after
Heap after GC invocations=12 (full 0):
 def new generation   total 14784K, used 551K [0x00000000d1600000, 0x00000000d2600000, 0x00000000e0ea0000)
  eden space 13184K,   0% used [0x00000000d1600000, 0x00000000d1600000, 0x00000000d22e0000)
  from space 1600K,  34% used [0x00000000d22e0000, 0x00000000d2369e28, 0x00000000d2470000)
  to   space 1600K,   0% used [0x00000000d2470000, 0x00000000d2470000, 0x00000000d2600000)
 tenured generation   total 32768K, used 7908K [0x00000000e0ea0000, 0x00000000e2ea0000, 0x0000000100000000)
   the space 32768K,  24% used [0x00000000e0ea0000, 0x00000000e16592f0, 0x00000000e1659400, 0x00000000e2ea0000)
 Metaspace       used 20352K, capacity 20578K, committed 20992K, reserved 1067008K
  class space    used 2386K, capacity 2441K, committed 2560K, reserved 1048576K
}
Event: 14.254 GC heap before
{Heap before GC invocations=12 (full 0):
 def new generation   total 14784K, used 4832K [0x00000000d1600000, 0x00000000d2600000, 0x00000000e0ea0000)
  eden space 13184K,  32% used [0x00000000d1600000, 0x00000000d1a2e348, 0x00000000d22e0000)
  from space 1600K,  34% used [0x00000000d22e0000, 0x00000000d2369e28, 0x00000000d2470000)
  to   space 1600K,   0% used [0x00000000d2470000, 0x00000000d2470000, 0x00000000d2600000)
 tenured generation   total 32768K, used 7908K [0x00000000e0ea0000, 0x00000000e2ea0000, 0x0000000100000000)
   the space 32768K,  24% used [0x00000000e0ea0000, 0x00000000e16592f0, 0x00000000e1659400, 0x00000000e2ea0000)
 Metaspace       used 20934K, capacity 21122K, committed 21248K, reserved 1069056K
  class space    used 2462K, capacity 2537K, committed 2560K, reserved 1048576K
Event: 14.379 GC heap after
Heap after GC invocations=13 (full 1):
 def new generation   total 14848K, used 0K [0x00000000d1600000, 0x00000000d2610000, 0x00000000e0ea0000)
  eden space 13248K,   0% used [0x00000000d1600000, 0x00000000d1600000, 0x00000000d22f0000)
  from space 1600K,   0% used [0x00000000d22f0000, 0x00000000d22f0000, 0x00000000d2480000)
  to   space 1600K,   0% used [0x00000000d2480000, 0x00000000d2480000, 0x00000000d2610000)
 tenured generation   total 32768K, used 6836K [0x00000000e0ea0000, 0x00000000e2ea0000, 0x0000000100000000)
   the space 32768K,  20% used [0x00000000e0ea0000, 0x00000000e154d270, 0x00000000e154d400, 0x00000000e2ea0000)
 Metaspace       used 20934K, capacity 21122K, committed 21248K, reserved 1069056K
  class space    used 2462K, capacity 2537K, committed 2560K, reserved 1048576K
}

