# JRE version: Java(TM) SE Runtime Environment (8.0_151-b12) (build 1.8.0_151-b12)
# Java VM: Java HotSpot(TM) 64-Bit Server VM (25.151-b12 mixed mode linux-amd64 compressed oops)
Heap:
 def new generation   total 14848K, used 2671K [0x00000000d1600000, 0x00000000d2610000, 0x00000000e0ea0000)
  eden space 13248K,  20% used [0x00000000d1600000, 0x00000000d189bd58, 0x00000000d22f0000)
  from space 1600K,   0% used [0x00000000d22f0000, 0x00000000d22f0000, 0x00000000d2480000)
  to   space 1600K,   0% used [0x00000000d2480000, 0x00000000d2480000, 0x00000000d2610000)
 tenured generation   total 32768K, used 6873K [0x00000000e0ea0000, 0x00000000e2ea0000, 0x0000000100000000)
   the space 32768K,  20% used [0x00000000e0ea0000, 0x00000000e15566d8, 0x00000000e1556800, 0x00000000e2ea0000)
 Metaspace       used 21252K, capacity 21470K, committed 21888K, reserved 1069056K
  class space    used 2498K, capacity 2569K, committed 2688K, reserved 1048576K
GC Heap History (10 events):
Event: 14.144 GC heap before
{Heap before GC invocations=8 (full 0):
 def new generation   total 14784K, used 14760K [0x00000000d1600000, 0x00000000d2600000, 0x00000000e0ea0000)
  eden space 13184K, 100% used [0x00000000d1600000, 0x00000000d22e0000, 0x00000000d22e0000)
  from space 1600K,  98% used [0x00000000d22e0000, 0x00000000d246a160, 0x00000000d2470000)
  to   space 1600K,   0% used [0x00000000d2470000, 0x00000000d2470000, 0x00000000d2600000)
 tenured generation   total 32768K, used 6525K [0x00000000e0ea0000, 0x00000000e2ea0000, 0x0000000100000000)
   the space 32768K,  19% used [0x00000000e0ea0000, 0x00000000e14ff428, 0x00000000e14ff600, 0x00000000e2ea0000)
 Metaspace       used 16950K, capacity 17148K, committed 17408K, reserved 1064960K
  class space    used 1959K, capacity 2024K, committed 2048K, reserved 1048576K
Event: 14.159 GC heap after
Heap after GC invocations=9 (full 0):
 def new generation   total 14784K, used 1600K [0x00000000d1600000, 0x00000000d2600000, 0x00000000e0ea0000)
  eden space 13184K,   0% used [0x00000000d1600000, 0x00000000d1600000, 0x00000000d22e0000)
  from space 1600K, 100% used [0x00000000d2470000, 0x00000000d2600000, 0x00000000d2600000)
  to   space 1600K,   0% used [0x00000000d22e0000, 0x00000000d22e0000, 0x00000000d2470000)
 tenured generation   total 32768K, used 7143K [0x00000000e0ea0000, 0x00000000e2ea0000, 0x0000000100000000)
   the space 32768K,  21% used [0x00000000e0ea0000, 0x00000000e1599df8, 0x00000000e1599e00, 0x00000000e2ea0000)
 Metaspace       used 16950K, capacity 17148K, committed 17408K, reserved 1064960K
  class space    used 1959K, capacity 2024K, committed 2048K, reserved 1048576K
}
Event: 15.738 GC heap before
{Heap before GC invocations=9 (full 0):
 def new generation   total 14784K, used 14784K [0x00000000d1600000, 0x00000000d2600000, 0x00000000e0ea0000)
  eden space 13184K, 100% used [0x00000000d1600000, 0x00000000d22e0000, 0x00000000d22e0000)
  from space 1600K, 100% used [0x00000000d2470000, 0x00000000d2600000, 0x00000000d2600000)
  to   space 1600K,   0% used [0x00000000d22e0000, 0x00000000d22e0000, 0x00000000d2470000)
 tenured generation   total 32768K, used 7143K [0x00000000e0ea0000, 0x00000000e2ea0000, 0x0000000100000000)
   the space 32768K,  21% used [0x00000000e0ea0000, 0x00000000e1599df8, 0x00000000e1599e00, 0x00000000e2ea0000)
 Metaspace       used 18448K, capacity 18588K, committed 18688K, reserved 1064960K
  class space    used 2182K, capacity 2248K, committed 2304K, reserved 1048576K
Event: 15.749 GC heap after
Heap after GC invocations=10 (full 0):
 def new generation   total 14784K, used 1370K [0x00000000d1600000, 0x00000000d2600000, 0x00000000e0ea0000)
  eden space 13184K,   0% used [0x00000000d1600000, 0x00000000d1600000, 0x00000000d22e0000)
  from space 1600K,  85% used [0x00000000d22e0000, 0x00000000d2436948, 0x00000000d2470000)
  to   space 1600K,   0% used [0x00000000d2470000, 0x00000000d2470000, 0x00000000d2600000)
 tenured generation   total 32768K, used 7268K [0x00000000e0ea0000, 0x00000000e2ea0000, 0x0000000100000000)
   the space 32768K,  22% used [0x00000000e0ea0000, 0x00000000e15b9208, 0x00000000e15b9400, 0x00000000e2ea0000)
 Metaspace       used 18448K, capacity 18588K, committed 18688K, reserved 1064960K
  class space    used 2182K, capacity 2248K, committed 2304K, reserved 1048576K
}
Event: 16.889 GC heap before
{Heap before GC invocations=10 (full 0):
 def new generation   total 14784K, used 14554K [0x00000000d1600000, 0x00000000d2600000, 0x00000000e0ea0000)
  eden space 13184K, 100% used [0x00000000d1600000, 0x00000000d22e0000, 0x00000000d22e0000)
  from space 1600K,  85% used [0x00000000d22e0000, 0x00000000d2436948, 0x00000000d2470000)
  to   space 1600K,   0% used [0x00000000d2470000, 0x00000000d2470000, 0x00000000d2600000)
 tenured generation   total 32768K, used 7268K [0x00000000e0ea0000, 0x00000000e2ea0000, 0x0000000100000000)
   the space 32768K,  22% used [0x00000000e0ea0000, 0x00000000e15b9208, 0x00000000e15b9400, 0x00000000e2ea0000)
 Metaspace       used 20082K, capacity 20222K, committed 20352K, reserved 1067008K
  class space    used 2355K, capacity 2409K, committed 2432K, reserved 1048576K
Event: 16.894 GC heap after
Heap after GC invocations=11 (full 0):
 def new generation   total 14784K, used 1096K [0x00000000d1600000, 0x00000000d2600000, 0x00000000e0ea0000)
  eden space 13184K,   0% used [0x00000000d1600000, 0x00000000d1600000, 0x00000000d22e0000)
  from space 1600K,  68% used [0x00000000d2470000, 0x00000000d25821c0, 0x00000000d2600000)
  to   space 1600K,   0% used [0x00000000d22e0000, 0x00000000d22e0000, 0x00000000d2470000)
 tenured generation   total 32768K, used 7684K [0x00000000e0ea0000, 0x00000000e2ea0000, 0x0000000100000000)
   the space 32768K,  23% used [0x00000000e0ea0000, 0x00000000e1621250, 0x00000000e1621400, 0x00000000e2ea0000)
 Metaspace       used 20082K, capacity 20222K, committed 20352K, reserved 1067008K
  class space    used 2355K, capacity 2409K, committed 2432K, reserved 1048576K
}
Event: 17.888 GC heap before
{Heap before GC invocations=11 (full 0):
 def new generation   total 14784K, used 14280K [0x00000000d1600000, 0x00000000d2600000, 0x00000000e0ea0000)
  eden space 13184K, 100% used [0x00000000d1600000, 0x00000000d22e0000, 0x00000000d22e0000)
  from space 1600K,  68% used [0x00000000d2470000, 0x00000000d25821c0, 0x00000000d2600000)
  to   space 1600K,   0% used [0x00000000d22e0000, 0x00000000d22e0000, 0x00000000d2470000)
 tenured generation   total 32768K, used 7684K [0x00000000e0ea0000, 0x00000000e2ea0000, 0x0000000100000000)
   the space 32768K,  23% used [0x00000000e0ea0000, 0x00000000e1621250, 0x00000000e1621400, 0x00000000e2ea0000)
 Metaspace       used 20323K, capacity 20510K, committed 20736K, reserved 1067008K
  class space    used 2383K, capacity 2441K, committed 2560K, reserved 1048576K
Event: 17.894 GC heap after
Heap after GC invocations=12 (full 0):
 def new generation   total 14784K, used 588K [0x00000000d1600000, 0x00000000d2600000, 0x00000000e0ea0000)
  eden space 13184K,   0% used [0x00000000d1600000, 0x00000000d1600000, 0x00000000d22e0000)
  from space 1600K,  36% used [0x00000000d22e0000, 0x00000000d23730a8, 0x00000000d2470000)
  to   space 1600K,   0% used [0x00000000d2470000, 0x00000000d2470000, 0x00000000d2600000)
 tenured generation   total 32768K, used 7874K [0x00000000e0ea0000, 0x00000000e2ea0000, 0x0000000100000000)
   the space 32768K,  24% used [0x00000000e0ea0000, 0x00000000e16509b0, 0x00000000e1650a00, 0x00000000e2ea0000)
 Metaspace       used 20323K, capacity 20510K, committed 20736K, reserved 1067008K
  class space    used 2383K, capacity 2441K, committed 2560K, reserved 1048576K
}
Event: 18.301 GC heap before
{Heap before GC invocations=12 (full 0):
 def new generation   total 14784K, used 4858K [0x00000000d1600000, 0x00000000d2600000, 0x00000000e0ea0000)
  eden space 13184K,  32% used [0x00000000d1600000, 0x00000000d1a2b8c0, 0x00000000d22e0000)
  from space 1600K,  36% used [0x00000000d22e0000, 0x00000000d23730a8, 0x00000000d2470000)
  to   space 1600K,   0% used [0x00000000d2470000, 0x00000000d2470000, 0x00000000d2600000)
 tenured generation   total 32768K, used 7874K [0x00000000e0ea0000, 0x00000000e2ea0000, 0x0000000100000000)
   the space 32768K,  24% used [0x00000000e0ea0000, 0x00000000e16509b0, 0x00000000e1650a00, 0x00000000e2ea0000)
 Metaspace       used 20933K, capacity 21118K, committed 21248K, reserved 1069056K
  class space    used 2462K, capacity 2537K, committed 2560K, reserved 1048576K
Event: 18.464 GC heap after
Heap after GC invocations=13 (full 1):
 def new generation   total 14848K, used 0K [0x00000000d1600000, 0x00000000d2610000, 0x00000000e0ea0000)
  eden space 13248K,   0% used [0x00000000d1600000, 0x00000000d1600000, 0x00000000d22f0000)
  from space 1600K,   0% used [0x00000000d22f0000, 0x00000000d22f0000, 0x00000000d2480000)
  to   space 1600K,   0% used [0x00000000d2480000, 0x00000000d2480000, 0x00000000d2610000)
 tenured generation   total 32768K, used 6873K [0x00000000e0ea0000, 0x00000000e2ea0000, 0x0000000100000000)
   the space 32768K,  20% used [0x00000000e0ea0000, 0x00000000e15566d8, 0x00000000e1556800, 0x00000000e2ea0000)
 Metaspace       used 20933K, capacity 21118K, committed 21248K, reserved 1069056K
  class space    used 2462K, capacity 2537K, committed 2560K, reserved 1048576K
}

