# JRE version: Java(TM) SE Runtime Environment (8.0_151-b12) (build 1.8.0_151-b12)
# Java VM: Java HotSpot(TM) 64-Bit Server VM (25.151-b12 mixed mode linux-amd64 compressed oops)
Heap:
 def new generation   total 14848K, used 2694K [0x00000000d1600000, 0x00000000d2610000, 0x00000000e0ea0000)
  eden space 13248K,  20% used [0x00000000d1600000, 0x00000000d18a1ac0, 0x00000000d22f0000)
  from space 1600K,   0% used [0x00000000d22f0000, 0x00000000d22f0000, 0x00000000d2480000)
  to   space 1600K,   0% used [0x00000000d2480000, 0x00000000d2480000, 0x00000000d2610000)
 tenured generation   total 32768K, used 6823K [0x00000000e0ea0000, 0x00000000e2ea0000, 0x0000000100000000)
   the space 32768K,  20% used [0x00000000e0ea0000, 0x00000000e1549ca8, 0x00000000e1549e00, 0x00000000e2ea0000)
 Metaspace       used 21244K, capacity 21466K, committed 21888K, reserved 1069056K
  class space    used 2498K, capacity 2569K, committed 2688K, reserved 1048576K
GC Heap History (10 events):
Event: 14.383 GC heap before
{Heap before GC invocations=8 (full 0):
 def new generation   total 14784K, used 14758K [0x00000000d1600000, 0x00000000d2600000, 0x00000000e0ea0000)
  eden space 13184K, 100% used [0x00000000d1600000, 0x00000000d22e0000, 0x00000000d22e0000)
  from space 1600K,  98% used [0x00000000d22e0000, 0x00000000d2469850, 0x00000000d2470000)
  to   space 1600K,   0% used [0x00000000d2470000, 0x00000000d2470000, 0x00000000d2600000)
 tenured generation   total 32768K, used 6522K [0x00000000e0ea0000, 0x00000000e2ea0000, 0x0000000100000000)
   the space 32768K,  19% used [0x00000000e0ea0000, 0x00000000e14fe818, 0x00000000e14fea00, 0x00000000e2ea0000)
 Metaspace       used 16938K, capacity 17144K, committed 17408K, reserved 1064960K
  class space    used 1960K, capacity 2024K, committed 2048K, reserved 1048576K
Event: 14.411 GC heap after
Heap after GC invocations=9 (full 0):
 def new generation   total 14784K, used 1599K [0x00000000d1600000, 0x00000000d2600000, 0x00000000e0ea0000)
  eden space 13184K,   0% used [0x00000000d1600000, 0x00000000d1600000, 0x00000000d22e0000)
  from space 1600K,  99% used [0x00000000d2470000, 0x00000000d25ffff8, 0x00000000d2600000)
  to   space 1600K,   0% used [0x00000000d22e0000, 0x00000000d22e0000, 0x00000000d2470000)
 tenured generation   total 32768K, used 7141K [0x00000000e0ea0000, 0x00000000e2ea0000, 0x0000000100000000)
   the space 32768K,  21% used [0x00000000e0ea0000, 0x00000000e1599440, 0x00000000e1599600, 0x00000000e2ea0000)
 Metaspace       used 16938K, capacity 17144K, committed 17408K, reserved 1064960K
  class space    used 1960K, capacity 2024K, committed 2048K, reserved 1048576K
}
Event: 15.935 GC heap before
{Heap before GC invocations=9 (full 0):
 def new generation   total 14784K, used 14783K [0x00000000d1600000, 0x00000000d2600000, 0x00000000e0ea0000)
  eden space 13184K, 100% used [0x00000000d1600000, 0x00000000d22e0000, 0x00000000d22e0000)
  from space 1600K,  99% used [0x00000000d2470000, 0x00000000d25ffff8, 0x00000000d2600000)
  to   space 1600K,   0% used [0x00000000d22e0000, 0x00000000d22e0000, 0x00000000d2470000)
 tenured generation   total 32768K, used 7141K [0x00000000e0ea0000, 0x00000000e2ea0000, 0x0000000100000000)
   the space 32768K,  21% used [0x00000000e0ea0000, 0x00000000e1599440, 0x00000000e1599600, 0x00000000e2ea0000)
 Metaspace       used 18435K, capacity 18584K, committed 18688K, reserved 1064960K
  class space    used 2181K, capacity 2248K, committed 2304K, reserved 1048576K
Event: 15.940 GC heap after
Heap after GC invocations=10 (full 0):
 def new generation   total 14784K, used 1366K [0x00000000d1600000, 0x00000000d2600000, 0x00000000e0ea0000)
  eden space 13184K,   0% used [0x00000000d1600000, 0x00000000d1600000, 0x00000000d22e0000)
  from space 1600K,  85% used [0x00000000d22e0000, 0x00000000d2435920, 0x00000000d2470000)
  to   space 1600K,   0% used [0x00000000d2470000, 0x00000000d2470000, 0x00000000d2600000)
 tenured generation   total 32768K, used 7266K [0x00000000e0ea0000, 0x00000000e2ea0000, 0x0000000100000000)
   the space 32768K,  22% used [0x00000000e0ea0000, 0x00000000e15b8850, 0x00000000e15b8a00, 0x00000000e2ea0000)
 Metaspace       used 18435K, capacity 18584K, committed 18688K, reserved 1064960K
  class space    used 2181K, capacity 2248K, committed 2304K, reserved 1048576K
}
Event: 17.034 GC heap before
{Heap before GC invocations=10 (full 0):
 def new generation   total 14784K, used 14550K [0x00000000d1600000, 0x00000000d2600000, 0x00000000e0ea0000)
  eden space 13184K, 100% used [0x00000000d1600000, 0x00000000d22e0000, 0x00000000d22e0000)
  from space 1600K,  85% used [0x00000000d22e0000, 0x00000000d2435920, 0x00000000d2470000)
  to   space 1600K,   0% used [0x00000000d2470000, 0x00000000d2470000, 0x00000000d2600000)
 tenured generation   total 32768K, used 7266K [0x00000000e0ea0000, 0x00000000e2ea0000, 0x0000000100000000)
   the space 32768K,  22% used [0x00000000e0ea0000, 0x00000000e15b8850, 0x00000000e15b8a00, 0x00000000e2ea0000)
 Metaspace       used 20072K, capacity 20218K, committed 20352K, reserved 1067008K
  class space    used 2355K, capacity 2409K, committed 2432K, reserved 1048576K
Event: 17.047 GC heap after
Heap after GC invocations=11 (full 0):
 def new generation   total 14784K, used 1098K [0x00000000d1600000, 0x00000000d2600000, 0x00000000e0ea0000)
  eden space 13184K,   0% used [0x00000000d1600000, 0x00000000d1600000, 0x00000000d22e0000)
  from space 1600K,  68% used [0x00000000d2470000, 0x00000000d2582820, 0x00000000d2600000)
  to   space 1600K,   0% used [0x00000000d22e0000, 0x00000000d22e0000, 0x00000000d2470000)
 tenured generation   total 32768K, used 7681K [0x00000000e0ea0000, 0x00000000e2ea0000, 0x0000000100000000)
   the space 32768K,  23% used [0x00000000e0ea0000, 0x00000000e1620738, 0x00000000e1620800, 0x00000000e2ea0000)
 Metaspace       used 20072K, capacity 20218K, committed 20352K, reserved 1067008K
  class space    used 2355K, capacity 2409K, committed 2432K, reserved 1048576K
}
Event: 17.988 GC heap before
{Heap before GC invocations=11 (full 0):
 def new generation   total 14784K, used 14282K [0x00000000d1600000, 0x00000000d2600000, 0x00000000e0ea0000)
  eden space 13184K, 100% used [0x00000000d1600000, 0x00000000d22e0000, 0x00000000d22e0000)
  from space 1600K,  68% used [0x00000000d2470000, 0x00000000d2582820, 0x00000000d2600000)
  to   space 1600K,   0% used [0x00000000d22e0000, 0x00000000d22e0000, 0x00000000d2470000)
 tenured generation   total 32768K, used 7681K [0x00000000e0ea0000, 0x00000000e2ea0000, 0x0000000100000000)
   the space 32768K,  23% used [0x00000000e0ea0000, 0x00000000e1620738, 0x00000000e1620800, 0x00000000e2ea0000)
 Metaspace       used 20298K, capacity 20506K, committed 20736K, reserved 1067008K
  class space    used 2383K, capacity 2441K, committed 2560K, reserved 1048576K
Event: 18.003 GC heap after
Heap after GC invocations=12 (full 0):
 def new generation   total 14784K, used 588K [0x00000000d1600000, 0x00000000d2600000, 0x00000000e0ea0000)
  eden space 13184K,   0% used [0x00000000d1600000, 0x00000000d1600000, 0x00000000d22e0000)
  from space 1600K,  36% used [0x00000000d22e0000, 0x00000000d2373390, 0x00000000d2470000)
  to   space 1600K,   0% used [0x00000000d2470000, 0x00000000d2470000, 0x00000000d2600000)
 tenured generation   total 32768K, used 7871K [0x00000000e0ea0000, 0x00000000e2ea0000, 0x0000000100000000)
   the space 32768K,  24% used [0x00000000e0ea0000, 0x00000000e164fcf0, 0x00000000e164fe00, 0x00000000e2ea0000)
 Metaspace       used 20298K, capacity 20506K, committed 20736K, reserved 1067008K
  class space    used 2383K, capacity 2441K, committed 2560K, reserved 1048576K
}
Event: 18.466 GC heap before
{Heap before GC invocations=12 (full 0):
 def new generation   total 14784K, used 4861K [0x00000000d1600000, 0x00000000d2600000, 0x00000000e0ea0000)
  eden space 13184K,  32% used [0x00000000d1600000, 0x00000000d1a2c100, 0x00000000d22e0000)
  from space 1600K,  36% used [0x00000000d22e0000, 0x00000000d2373390, 0x00000000d2470000)
  to   space 1600K,   0% used [0x00000000d2470000, 0x00000000d2470000, 0x00000000d2600000)
 tenured generation   total 32768K, used 7871K [0x00000000e0ea0000, 0x00000000e2ea0000, 0x0000000100000000)
   the space 32768K,  24% used [0x00000000e0ea0000, 0x00000000e164fcf0, 0x00000000e164fe00, 0x00000000e2ea0000)
 Metaspace       used 20922K, capacity 21114K, committed 21248K, reserved 1069056K
  class space    used 2462K, capacity 2537K, committed 2560K, reserved 1048576K
Event: 18.646 GC heap after
Heap after GC invocations=13 (full 1):
 def new generation   total 14848K, used 0K [0x00000000d1600000, 0x00000000d2610000, 0x00000000e0ea0000)
  eden space 13248K,   0% used [0x00000000d1600000, 0x00000000d1600000, 0x00000000d22f0000)
  from space 1600K,   0% used [0x00000000d22f0000, 0x00000000d22f0000, 0x00000000d2480000)
  to   space 1600K,   0% used [0x00000000d2480000, 0x00000000d2480000, 0x00000000d2610000)
 tenured generation   total 32768K, used 6823K [0x00000000e0ea0000, 0x00000000e2ea0000, 0x0000000100000000)
   the space 32768K,  20% used [0x00000000e0ea0000, 0x00000000e1549ca8, 0x00000000e1549e00, 0x00000000e2ea0000)
 Metaspace       used 20922K, capacity 21114K, committed 21248K, reserved 1069056K
  class space    used 2462K, capacity 2537K, committed 2560K, reserved 1048576K
}

