# JRE version: Java(TM) SE Runtime Environment (8.0_151-b12) (build 1.8.0_151-b12)
# Java VM: Java HotSpot(TM) 64-Bit Server VM (25.151-b12 mixed mode linux-amd64 compressed oops)
Heap:
 def new generation   total 14848K, used 2704K [0x00000000d1600000, 0x00000000d2610000, 0x00000000e0ea0000)
  eden space 13248K,  20% used [0x00000000d1600000, 0x00000000d18a40e8, 0x00000000d22f0000)
  from space 1600K,   0% used [0x00000000d22f0000, 0x00000000d22f0000, 0x00000000d2480000)
  to   space 1600K,   0% used [0x00000000d2480000, 0x00000000d2480000, 0x00000000d2610000)
 tenured generation   total 32768K, used 6831K [0x00000000e0ea0000, 0x00000000e2ea0000, 0x0000000100000000)
   the space 32768K,  20% used [0x00000000e0ea0000, 0x00000000e154bfb0, 0x00000000e154c000, 0x00000000e2ea0000)
 Metaspace       used 21240K, capacity 21466K, committed 21888K, reserved 1069056K
  class space    used 2498K, capacity 2569K, committed 2688K, reserved 1048576K
GC Heap History (10 events):
Event: 7.687 GC heap before
{Heap before GC invocations=8 (full 0):
 def new generation   total 14784K, used 14757K [0x00000000d1600000, 0x00000000d2600000, 0x00000000e0ea0000)
  eden space 13184K, 100% used [0x00000000d1600000, 0x00000000d22e0000, 0x00000000d22e0000)
  from space 1600K,  98% used [0x00000000d22e0000, 0x00000000d2469568, 0x00000000d2470000)
  to   space 1600K,   0% used [0x00000000d2470000, 0x00000000d2470000, 0x00000000d2600000)
 tenured generation   total 32768K, used 6529K [0x00000000e0ea0000, 0x00000000e2ea0000, 0x0000000100000000)
   the space 32768K,  19% used [0x00000000e0ea0000, 0x00000000e1500420, 0x00000000e1500600, 0x00000000e2ea0000)
 Metaspace       used 16943K, capacity 17144K, committed 17408K, reserved 1064960K
  class space    used 1960K, capacity 2024K, committed 2048K, reserved 1048576K
Event: 7.693 GC heap after
Heap after GC invocations=9 (full 0):
 def new generation   total 14784K, used 1599K [0x00000000d1600000, 0x00000000d2600000, 0x00000000e0ea0000)
  eden space 13184K,   0% used [0x00000000d1600000, 0x00000000d1600000, 0x00000000d22e0000)
  from space 1600K,  99% used [0x00000000d2470000, 0x00000000d25ffff8, 0x00000000d2600000)
  to   space 1600K,   0% used [0x00000000d22e0000, 0x00000000d22e0000, 0x00000000d2470000)
 tenured generation   total 32768K, used 7145K [0x00000000e0ea0000, 0x00000000e2ea0000, 0x0000000100000000)
   the space 32768K,  21% used [0x00000000e0ea0000, 0x00000000e159a630, 0x00000000e159a800, 0x00000000e2ea0000)
 Metaspace       used 16943K, capacity 17144K, committed 17408K, reserved 1064960K
  class space    used 1960K, capacity 2024K, committed 2048K, reserved 1048576K
}
Event: 8.445 GC heap before
{Heap before GC invocations=9 (full 0):
 def new generation   total 14784K, used 14783K [0x00000000d1600000, 0x00000000d2600000, 0x00000000e0ea0000)
  eden space 13184K, 100% used [0x00000000d1600000, 0x00000000d22e0000, 0x00000000d22e0000)
  from space 1600K,  99% used [0x00000000d2470000, 0x00000000d25ffff8, 0x00000000d2600000)
  to   space 1600K,   0% used [0x00000000d22e0000, 0x00000000d22e0000, 0x00000000d2470000)
 tenured generation   total 32768K, used 7145K [0x00000000e0ea0000, 0x00000000e2ea0000, 0x0000000100000000)
   the space 32768K,  21% used [0x00000000e0ea0000, 0x00000000e159a630, 0x00000000e159a800, 0x00000000e2ea0000)
 Metaspace       used 18450K, capacity 18680K, committed 18944K, reserved 1067008K
  class space    used 2184K, capacity 2280K, committed 2304K, reserved 1048576K
Event: 8.459 GC heap after
Heap after GC invocations=10 (full 0):
 def new generation   total 14784K, used 1376K [0x00000000d1600000, 0x00000000d2600000, 0x00000000e0ea0000)
  eden space 13184K,   0% used [0x00000000d1600000, 0x00000000d1600000, 0x00000000d22e0000)
  from space 1600K,  86% used [0x00000000d22e0000, 0x00000000d24383a8, 0x00000000d2470000)
  to   space 1600K,   0% used [0x00000000d2470000, 0x00000000d2470000, 0x00000000d2600000)
 tenured generation   total 32768K, used 7256K [0x00000000e0ea0000, 0x00000000e2ea0000, 0x0000000100000000)
   the space 32768K,  22% used [0x00000000e0ea0000, 0x00000000e15b6058, 0x00000000e15b6200, 0x00000000e2ea0000)
 Metaspace       used 18450K, capacity 18680K, committed 18944K, reserved 1067008K
  class space    used 2184K, capacity 2280K, committed 2304K, reserved 1048576K
}
Event: 8.825 GC heap before
{Heap before GC invocations=10 (full 0):
 def new generation   total 14784K, used 14560K [0x00000000d1600000, 0x00000000d2600000, 0x00000000e0ea0000)
  eden space 13184K, 100% used [0x00000000d1600000, 0x00000000d22e0000, 0x00000000d22e0000)
  from space 1600K,  86% used [0x00000000d22e0000, 0x00000000d24383a8, 0x00000000d2470000)
  to   space 1600K,   0% used [0x00000000d2470000, 0x00000000d2470000, 0x00000000d2600000)
 tenured generation   total 32768K, used 7256K [0x00000000e0ea0000, 0x00000000e2ea0000, 0x0000000100000000)
   the space 32768K,  22% used [0x00000000e0ea0000, 0x00000000e15b6058, 0x00000000e15b6200, 0x00000000e2ea0000)
 Metaspace       used 20073K, capacity 20218K, committed 20352K, reserved 1067008K
  class space    used 2355K, capacity 2409K, committed 2432K, reserved 1048576K
Event: 8.840 GC heap after
Heap after GC invocations=11 (full 0):
 def new generation   total 14784K, used 1209K [0x00000000d1600000, 0x00000000d2600000, 0x00000000e0ea0000)
  eden space 13184K,   0% used [0x00000000d1600000, 0x00000000d1600000, 0x00000000d22e0000)
  from space 1600K,  75% used [0x00000000d2470000, 0x00000000d259e468, 0x00000000d2600000)
  to   space 1600K,   0% used [0x00000000d22e0000, 0x00000000d22e0000, 0x00000000d2470000)
 tenured generation   total 32768K, used 7672K [0x00000000e0ea0000, 0x00000000e2ea0000, 0x0000000100000000)
   the space 32768K,  23% used [0x00000000e0ea0000, 0x00000000e161e1c0, 0x00000000e161e200, 0x00000000e2ea0000)
 Metaspace       used 20073K, capacity 20218K, committed 20352K, reserved 1067008K
  class space    used 2355K, capacity 2409K, committed 2432K, reserved 1048576K
}
Event: 9.378 GC heap before
{Heap before GC invocations=11 (full 0):
 def new generation   total 14784K, used 14393K [0x00000000d1600000, 0x00000000d2600000, 0x00000000e0ea0000)
  eden space 13184K, 100% used [0x00000000d1600000, 0x00000000d22e0000, 0x00000000d22e0000)
  from space 1600K,  75% used [0x00000000d2470000, 0x00000000d259e468, 0x00000000d2600000)
  to   space 1600K,   0% used [0x00000000d22e0000, 0x00000000d22e0000, 0x00000000d2470000)
 tenured generation   total 32768K, used 7672K [0x00000000e0ea0000, 0x00000000e2ea0000, 0x0000000100000000)
   the space 32768K,  23% used [0x00000000e0ea0000, 0x00000000e161e1c0, 0x00000000e161e200, 0x00000000e2ea0000)
 Metaspace       used 20343K, capacity 20570K, committed 20992K, reserved 1067008K
  class space    used 2385K, capacity 2441K, committed 2560K, reserved 1048576K
Event: 9.386 GC heap after
Heap after GC invocations=12 (full 0):
 def new generation   total 14784K, used 552K [0x00000000d1600000, 0x00000000d2600000, 0x00000000e0ea0000)
  eden space 13184K,   0% used [0x00000000d1600000, 0x00000000d1600000, 0x00000000d22e0000)
  from space 1600K,  34% used [0x00000000d22e0000, 0x00000000d236a200, 0x00000000d2470000)
  to   space 1600K,   0% used [0x00000000d2470000, 0x00000000d2470000, 0x00000000d2600000)
 tenured generation   total 32768K, used 7924K [0x00000000e0ea0000, 0x00000000e2ea0000, 0x0000000100000000)
   the space 32768K,  24% used [0x00000000e0ea0000, 0x00000000e165d310, 0x00000000e165d400, 0x00000000e2ea0000)
 Metaspace       used 20343K, capacity 20570K, committed 20992K, reserved 1067008K
  class space    used 2385K, capacity 2441K, committed 2560K, reserved 1048576K
}
Event: 9.525 GC heap before
{Heap before GC invocations=12 (full 0):
 def new generation   total 14784K, used 4808K [0x00000000d1600000, 0x00000000d2600000, 0x00000000e0ea0000)
  eden space 13184K,  32% used [0x00000000d1600000, 0x00000000d1a28140, 0x00000000d22e0000)
  from space 1600K,  34% used [0x00000000d22e0000, 0x00000000d236a200, 0x00000000d2470000)
  to   space 1600K,   0% used [0x00000000d2470000, 0x00000000d2470000, 0x00000000d2600000)
 tenured generation   total 32768K, used 7924K [0x00000000e0ea0000, 0x00000000e2ea0000, 0x0000000100000000)
   the space 32768K,  24% used [0x00000000e0ea0000, 0x00000000e165d310, 0x00000000e165d400, 0x00000000e2ea0000)
 Metaspace       used 20920K, capacity 21114K, committed 21248K, reserved 1069056K
  class space    used 2462K, capacity 2537K, committed 2560K, reserved 1048576K
Event: 9.576 GC heap after
Heap after GC invocations=13 (full 1):
 def new generation   total 14848K, used 0K [0x00000000d1600000, 0x00000000d2610000, 0x00000000e0ea0000)
  eden space 13248K,   0% used [0x00000000d1600000, 0x00000000d1600000, 0x00000000d22f0000)
  from space 1600K,   0% used [0x00000000d22f0000, 0x00000000d22f0000, 0x00000000d2480000)
  to   space 1600K,   0% used [0x00000000d2480000, 0x00000000d2480000, 0x00000000d2610000)
 tenured generation   total 32768K, used 6831K [0x00000000e0ea0000, 0x00000000e2ea0000, 0x0000000100000000)
   the space 32768K,  20% used [0x00000000e0ea0000, 0x00000000e154bfb0, 0x00000000e154c000, 0x00000000e2ea0000)
 Metaspace       used 20920K, capacity 21114K, committed 21248K, reserved 1069056K
  class space    used 2462K, capacity 2537K, committed 2560K, reserved 1048576K
}

