# JRE version: Java(TM) SE Runtime Environment (8.0_151-b12) (build 1.8.0_151-b12)
# Java VM: Java HotSpot(TM) 64-Bit Server VM (25.151-b12 mixed mode linux-amd64 compressed oops)
Heap:
 def new generation   total 14848K, used 2690K [0x00000000d1600000, 0x00000000d2610000, 0x00000000e0ea0000)
  eden space 13248K,  20% used [0x00000000d1600000, 0x00000000d18a0b20, 0x00000000d22f0000)
  from space 1600K,   0% used [0x00000000d22f0000, 0x00000000d22f0000, 0x00000000d2480000)
  to   space 1600K,   0% used [0x00000000d2480000, 0x00000000d2480000, 0x00000000d2610000)
 tenured generation   total 32768K, used 6797K [0x00000000e0ea0000, 0x00000000e2ea0000, 0x0000000100000000)
   the space 32768K,  20% used [0x00000000e0ea0000, 0x00000000e1543788, 0x00000000e1543800, 0x00000000e2ea0000)
 Metaspace       used 21260K, capacity 21474K, committed 21888K, reserved 1069056K
  class space    used 2498K, capacity 2569K, committed 2688K, reserved 1048576K
GC Heap History (10 events):
Event: 13.457 GC heap before
{Heap before GC invocations=8 (full 0):
 def new generation   total 14784K, used 14756K [0x00000000d1600000, 0x00000000d2600000, 0x00000000e0ea0000)
  eden space 13184K, 100% used [0x00000000d1600000, 0x00000000d22e0000, 0x00000000d22e0000)
  from space 1600K,  98% used [0x00000000d22e0000, 0x00000000d2469330, 0x00000000d2470000)
  to   space 1600K,   0% used [0x00000000d2470000, 0x00000000d2470000, 0x00000000d2600000)
 tenured generation   total 32768K, used 6520K [0x00000000e0ea0000, 0x00000000e2ea0000, 0x0000000100000000)
   the space 32768K,  19% used [0x00000000e0ea0000, 0x00000000e14fe148, 0x00000000e14fe200, 0x00000000e2ea0000)
 Metaspace       used 16957K, capacity 17152K, committed 17408K, reserved 1064960K
  class space    used 1960K, capacity 2024K, committed 2048K, reserved 1048576K
Event: 13.472 GC heap after
Heap after GC invocations=9 (full 0):
 def new generation   total 14784K, used 1600K [0x00000000d1600000, 0x00000000d2600000, 0x00000000e0ea0000)
  eden space 13184K,   0% used [0x00000000d1600000, 0x00000000d1600000, 0x00000000d22e0000)
  from space 1600K, 100% used [0x00000000d2470000, 0x00000000d2600000, 0x00000000d2600000)
  to   space 1600K,   0% used [0x00000000d22e0000, 0x00000000d22e0000, 0x00000000d2470000)
 tenured generation   total 32768K, used 7140K [0x00000000e0ea0000, 0x00000000e2ea0000, 0x0000000100000000)
   the space 32768K,  21% used [0x00000000e0ea0000, 0x00000000e15991d8, 0x00000000e1599200, 0x00000000e2ea0000)
 Metaspace       used 16957K, capacity 17152K, committed 17408K, reserved 1064960K
  class space    used 1960K, capacity 2024K, committed 2048K, reserved 1048576K
}
Event: 14.822 GC heap before
{Heap before GC invocations=9 (full 0):
 def new generation   total 14784K, used 14784K [0x00000000d1600000, 0x00000000d2600000, 0x00000000e0ea0000)
  eden space 13184K, 100% used [0x00000000d1600000, 0x00000000d22e0000, 0x00000000d22e0000)
  from space 1600K, 100% used [0x00000000d2470000, 0x00000000d2600000, 0x00000000d2600000)
  to   space 1600K,   0% used [0x00000000d22e0000, 0x00000000d22e0000, 0x00000000d2470000)
 tenured generation   total 32768K, used 7140K [0x00000000e0ea0000, 0x00000000e2ea0000, 0x0000000100000000)
   the space 32768K,  21% used [0x00000000e0ea0000, 0x00000000e15991d8, 0x00000000e1599200, 0x00000000e2ea0000)
 Metaspace       used 18469K, capacity 18688K, committed 18944K, reserved 1067008K
  class space    used 2185K, capacity 2280K, committed 2304K, reserved 1048576K
Event: 14.840 GC heap after
Heap after GC invocations=10 (full 0):
 def new generation   total 14784K, used 1389K [0x00000000d1600000, 0x00000000d2600000, 0x00000000e0ea0000)
  eden space 13184K,   0% used [0x00000000d1600000, 0x00000000d1600000, 0x00000000d22e0000)
  from space 1600K,  86% used [0x00000000d22e0000, 0x00000000d243b590, 0x00000000d2470000)
  to   space 1600K,   0% used [0x00000000d2470000, 0x00000000d2470000, 0x00000000d2600000)
 tenured generation   total 32768K, used 7250K [0x00000000e0ea0000, 0x00000000e2ea0000, 0x0000000100000000)
   the space 32768K,  22% used [0x00000000e0ea0000, 0x00000000e15b4be0, 0x00000000e15b4c00, 0x00000000e2ea0000)
 Metaspace       used 18469K, capacity 18688K, committed 18944K, reserved 1067008K
  class space    used 2185K, capacity 2280K, committed 2304K, reserved 1048576K
}
Event: 15.715 GC heap before
{Heap before GC invocations=10 (full 0):
 def new generation   total 14784K, used 14573K [0x00000000d1600000, 0x00000000d2600000, 0x00000000e0ea0000)
  eden space 13184K, 100% used [0x00000000d1600000, 0x00000000d22e0000, 0x00000000d22e0000)
  from space 1600K,  86% used [0x00000000d22e0000, 0x00000000d243b590, 0x00000000d2470000)
  to   space 1600K,   0% used [0x00000000d2470000, 0x00000000d2470000, 0x00000000d2600000)
 tenured generation   total 32768K, used 7250K [0x00000000e0ea0000, 0x00000000e2ea0000, 0x0000000100000000)
   the space 32768K,  22% used [0x00000000e0ea0000, 0x00000000e15b4be0, 0x00000000e15b4c00, 0x00000000e2ea0000)
 Metaspace       used 20089K, capacity 20226K, committed 20352K, reserved 1067008K
  class space    used 2355K, capacity 2409K, committed 2432K, reserved 1048576K
Event: 15.725 GC heap after
Heap after GC invocations=11 (full 0):
 def new generation   total 14784K, used 1078K [0x00000000d1600000, 0x00000000d2600000, 0x00000000e0ea0000)
  eden space 13184K,   0% used [0x00000000d1600000, 0x00000000d1600000, 0x00000000d22e0000)
  from space 1600K,  67% used [0x00000000d2470000, 0x00000000d257d9e0, 0x00000000d2600000)
  to   space 1600K,   0% used [0x00000000d22e0000, 0x00000000d22e0000, 0x00000000d2470000)
 tenured generation   total 32768K, used 7672K [0x00000000e0ea0000, 0x00000000e2ea0000, 0x0000000100000000)
   the space 32768K,  23% used [0x00000000e0ea0000, 0x00000000e161e238, 0x00000000e161e400, 0x00000000e2ea0000)
 Metaspace       used 20089K, capacity 20226K, committed 20352K, reserved 1067008K
  class space    used 2355K, capacity 2409K, committed 2432K, reserved 1048576K
}
Event: 16.616 GC heap before
{Heap before GC invocations=11 (full 0):
 def new generation   total 14784K, used 14262K [0x00000000d1600000, 0x00000000d2600000, 0x00000000e0ea0000)
  eden space 13184K, 100% used [0x00000000d1600000, 0x00000000d22e0000, 0x00000000d22e0000)
  from space 1600K,  67% used [0x00000000d2470000, 0x00000000d257d9e0, 0x00000000d2600000)
  to   space 1600K,   0% used [0x00000000d22e0000, 0x00000000d22e0000, 0x00000000d2470000)
 tenured generation   total 32768K, used 7672K [0x00000000e0ea0000, 0x00000000e2ea0000, 0x0000000100000000)
   the space 32768K,  23% used [0x00000000e0ea0000, 0x00000000e161e238, 0x00000000e161e400, 0x00000000e2ea0000)
 Metaspace       used 20309K, capacity 20514K, committed 20736K, reserved 1067008K
  class space    used 2382K, capacity 2441K, committed 2560K, reserved 1048576K
Event: 16.621 GC heap after
Heap after GC invocations=12 (full 0):
 def new generation   total 14784K, used 584K [0x00000000d1600000, 0x00000000d2600000, 0x00000000e0ea0000)
  eden space 13184K,   0% used [0x00000000d1600000, 0x00000000d1600000, 0x00000000d22e0000)
  from space 1600K,  36% used [0x00000000d22e0000, 0x00000000d23721e8, 0x00000000d2470000)
  to   space 1600K,   0% used [0x00000000d2470000, 0x00000000d2470000, 0x00000000d2600000)
 tenured generation   total 32768K, used 7860K [0x00000000e0ea0000, 0x00000000e2ea0000, 0x0000000100000000)
   the space 32768K,  23% used [0x00000000e0ea0000, 0x00000000e164d218, 0x00000000e164d400, 0x00000000e2ea0000)
 Metaspace       used 20309K, capacity 20514K, committed 20736K, reserved 1067008K
  class space    used 2382K, capacity 2441K, committed 2560K, reserved 1048576K
}
Event: 17.047 GC heap before
{Heap before GC invocations=12 (full 0):
 def new generation   total 14784K, used 5045K [0x00000000d1600000, 0x00000000d2600000, 0x00000000e0ea0000)
  eden space 13184K,  33% used [0x00000000d1600000, 0x00000000d1a5b5d0, 0x00000000d22e0000)
  from space 1600K,  36% used [0x00000000d22e0000, 0x00000000d23721e8, 0x00000000d2470000)
  to   space 1600K,   0% used [0x00000000d2470000, 0x00000000d2470000, 0x00000000d2600000)
 tenured generation   total 32768K, used 7860K [0x00000000e0ea0000, 0x00000000e2ea0000, 0x0000000100000000)
   the space 32768K,  23% used [0x00000000e0ea0000, 0x00000000e164d218, 0x00000000e164d400, 0x00000000e2ea0000)
 Metaspace       used 20937K, capacity 21122K, committed 21248K, reserved 1069056K
  class space    used 2462K, capacity 2537K, committed 2560K, reserved 1048576K
Event: 17.202 GC heap after
Heap after GC invocations=13 (full 1):
 def new generation   total 14848K, used 0K [0x00000000d1600000, 0x00000000d2610000, 0x00000000e0ea0000)
  eden space 13248K,   0% used [0x00000000d1600000, 0x00000000d1600000, 0x00000000d22f0000)
  from space 1600K,   0% used [0x00000000d22f0000, 0x00000000d22f0000, 0x00000000d2480000)
  to   space 1600K,   0% used [0x00000000d2480000, 0x00000000d2480000, 0x00000000d2610000)
 tenured generation   total 32768K, used 6797K [0x00000000e0ea0000, 0x00000000e2ea0000, 0x0000000100000000)
   the space 32768K,  20% used [0x00000000e0ea0000, 0x00000000e1543788, 0x00000000e1543800, 0x00000000e2ea0000)
 Metaspace       used 20937K, capacity 21122K, committed 21248K, reserved 1069056K
  class space    used 2462K, capacity 2537K, committed 2560K, reserved 1048576K
}

