# JRE version: Java(TM) SE Runtime Environment (8.0_151-b12) (build 1.8.0_151-b12)
# Java VM: Java HotSpot(TM) 64-Bit Server VM (25.151-b12 mixed mode linux-amd64 compressed oops)
Heap:
 def new generation   total 14848K, used 2709K [0x00000000d1600000, 0x00000000d2610000, 0x00000000e0ea0000)
  eden space 13248K,  20% used [0x00000000d1600000, 0x00000000d18a56e0, 0x00000000d22f0000)
  from space 1600K,   0% used [0x00000000d22f0000, 0x00000000d22f0000, 0x00000000d2480000)
  to   space 1600K,   0% used [0x00000000d2480000, 0x00000000d2480000, 0x00000000d2610000)
 tenured generation   total 32768K, used 6832K [0x00000000e0ea0000, 0x00000000e2ea0000, 0x0000000100000000)
   the space 32768K,  20% used [0x00000000e0ea0000, 0x00000000e154c0b0, 0x00000000e154c200, 0x00000000e2ea0000)
 Metaspace       used 21263K, capacity 21474K, committed 21888K, reserved 1069056K
  class space    used 2498K, capacity 2569K, committed 2688K, reserved 1048576K
GC Heap History (10 events):
Event: 19.275 GC heap before
{Heap before GC invocations=8 (full 0):
 def new generation   total 14784K, used 14766K [0x00000000d1600000, 0x00000000d2600000, 0x00000000e0ea0000)
  eden space 13184K, 100% used [0x00000000d1600000, 0x00000000d22e0000, 0x00000000d22e0000)
  from space 1600K,  98% used [0x00000000d22e0000, 0x00000000d246bae8, 0x00000000d2470000)
  to   space 1600K,   0% used [0x00000000d2470000, 0x00000000d2470000, 0x00000000d2600000)
 tenured generation   total 32768K, used 6526K [0x00000000e0ea0000, 0x00000000e2ea0000, 0x0000000100000000)
   the space 32768K,  19% used [0x00000000e0ea0000, 0x00000000e14ffa98, 0x00000000e14ffc00, 0x00000000e2ea0000)
 Metaspace       used 16963K, capacity 17152K, committed 17408K, reserved 1064960K
  class space    used 1960K, capacity 2024K, committed 2048K, reserved 1048576K
Event: 19.280 GC heap after
Heap after GC invocations=9 (full 0):
 def new generation   total 14784K, used 1600K [0x00000000d1600000, 0x00000000d2600000, 0x00000000e0ea0000)
  eden space 13184K,   0% used [0x00000000d1600000, 0x00000000d1600000, 0x00000000d22e0000)
  from space 1600K, 100% used [0x00000000d2470000, 0x00000000d2600000, 0x00000000d2600000)
  to   space 1600K,   0% used [0x00000000d22e0000, 0x00000000d22e0000, 0x00000000d2470000)
 tenured generation   total 32768K, used 7146K [0x00000000e0ea0000, 0x00000000e2ea0000, 0x0000000100000000)
   the space 32768K,  21% used [0x00000000e0ea0000, 0x00000000e159a970, 0x00000000e159aa00, 0x00000000e2ea0000)
 Metaspace       used 16963K, capacity 17152K, committed 17408K, reserved 1064960K
  class space    used 1960K, capacity 2024K, committed 2048K, reserved 1048576K
}
Event: 21.712 GC heap before
{Heap before GC invocations=9 (full 0):
 def new generation   total 14784K, used 14784K [0x00000000d1600000, 0x00000000d2600000, 0x00000000e0ea0000)
  eden space 13184K, 100% used [0x00000000d1600000, 0x00000000d22e0000, 0x00000000d22e0000)
  from space 1600K, 100% used [0x00000000d2470000, 0x00000000d2600000, 0x00000000d2600000)
  to   space 1600K,   0% used [0x00000000d22e0000, 0x00000000d22e0000, 0x00000000d2470000)
 tenured generation   total 32768K, used 7146K [0x00000000e0ea0000, 0x00000000e2ea0000, 0x0000000100000000)
   the space 32768K,  21% used [0x00000000e0ea0000, 0x00000000e159a970, 0x00000000e159aa00, 0x00000000e2ea0000)
 Metaspace       used 18473K, capacity 18752K, committed 18944K, reserved 1067008K
  class space    used 2184K, capacity 2280K, committed 2304K, reserved 1048576K
Event: 21.757 GC heap after
Heap after GC invocations=10 (full 0):
 def new generation   total 14784K, used 1377K [0x00000000d1600000, 0x00000000d2600000, 0x00000000e0ea0000)
  eden space 13184K,   0% used [0x00000000d1600000, 0x00000000d1600000, 0x00000000d22e0000)
  from space 1600K,  86% used [0x00000000d22e0000, 0x00000000d24385d8, 0x00000000d2470000)
  to   space 1600K,   0% used [0x00000000d2470000, 0x00000000d2470000, 0x00000000d2600000)
 tenured generation   total 32768K, used 7257K [0x00000000e0ea0000, 0x00000000e2ea0000, 0x0000000100000000)
   the space 32768K,  22% used [0x00000000e0ea0000, 0x00000000e15b6510, 0x00000000e15b6600, 0x00000000e2ea0000)
 Metaspace       used 18473K, capacity 18752K, committed 18944K, reserved 1067008K
  class space    used 2184K, capacity 2280K, committed 2304K, reserved 1048576K
}
Event: 23.071 GC heap before
{Heap before GC invocations=10 (full 0):
 def new generation   total 14784K, used 14561K [0x00000000d1600000, 0x00000000d2600000, 0x00000000e0ea0000)
  eden space 13184K, 100% used [0x00000000d1600000, 0x00000000d22e0000, 0x00000000d22e0000)
  from space 1600K,  86% used [0x00000000d22e0000, 0x00000000d24385d8, 0x00000000d2470000)
  to   space 1600K,   0% used [0x00000000d2470000, 0x00000000d2470000, 0x00000000d2600000)
 tenured generation   total 32768K, used 7257K [0x00000000e0ea0000, 0x00000000e2ea0000, 0x0000000100000000)
   the space 32768K,  22% used [0x00000000e0ea0000, 0x00000000e15b6510, 0x00000000e15b6600, 0x00000000e2ea0000)
 Metaspace       used 20097K, capacity 20226K, committed 20352K, reserved 1067008K
  class space    used 2355K, capacity 2409K, committed 2432K, reserved 1048576K
Event: 23.101 GC heap after
Heap after GC invocations=11 (full 0):
 def new generation   total 14784K, used 1209K [0x00000000d1600000, 0x00000000d2600000, 0x00000000e0ea0000)
  eden space 13184K,   0% used [0x00000000d1600000, 0x00000000d1600000, 0x00000000d22e0000)
  from space 1600K,  75% used [0x00000000d2470000, 0x00000000d259e428, 0x00000000d2600000)
  to   space 1600K,   0% used [0x00000000d22e0000, 0x00000000d22e0000, 0x00000000d2470000)
 tenured generation   total 32768K, used 7673K [0x00000000e0ea0000, 0x00000000e2ea0000, 0x0000000100000000)
   the space 32768K,  23% used [0x00000000e0ea0000, 0x00000000e161e698, 0x00000000e161e800, 0x00000000e2ea0000)
 Metaspace       used 20097K, capacity 20226K, committed 20352K, reserved 1067008K
  class space    used 2355K, capacity 2409K, committed 2432K, reserved 1048576K
}
Event: 24.432 GC heap before
{Heap before GC invocations=11 (full 0):
 def new generation   total 14784K, used 14393K [0x00000000d1600000, 0x00000000d2600000, 0x00000000e0ea0000)
  eden space 13184K, 100% used [0x00000000d1600000, 0x00000000d22e0000, 0x00000000d22e0000)
  from space 1600K,  75% used [0x00000000d2470000, 0x00000000d259e428, 0x00000000d2600000)
  to   space 1600K,   0% used [0x00000000d22e0000, 0x00000000d22e0000, 0x00000000d2470000)
 tenured generation   total 32768K, used 7673K [0x00000000e0ea0000, 0x00000000e2ea0000, 0x0000000100000000)
   the space 32768K,  23% used [0x00000000e0ea0000, 0x00000000e161e698, 0x00000000e161e800, 0x00000000e2ea0000)
 Metaspace       used 20364K, capacity 20578K, committed 20992K, reserved 1067008K
  class space    used 2385K, capacity 2441K, committed 2560K, reserved 1048576K
Event: 24.439 GC heap after
Heap after GC invocations=12 (full 0):
 def new generation   total 14784K, used 551K [0x00000000d1600000, 0x00000000d2600000, 0x00000000e0ea0000)
  eden space 13184K,   0% used [0x00000000d1600000, 0x00000000d1600000, 0x00000000d22e0000)
  from space 1600K,  34% used [0x00000000d22e0000, 0x00000000d2369da8, 0x00000000d2470000)
  to   space 1600K,   0% used [0x00000000d2470000, 0x00000000d2470000, 0x00000000d2600000)
 tenured generation   total 32768K, used 7925K [0x00000000e0ea0000, 0x00000000e2ea0000, 0x0000000100000000)
   the space 32768K,  24% used [0x00000000e0ea0000, 0x00000000e165d7a8, 0x00000000e165d800, 0x00000000e2ea0000)
 Metaspace       used 20364K, capacity 20578K, committed 20992K, reserved 1067008K
  class space    used 2385K, capacity 2441K, committed 2560K, reserved 1048576K
}
Event: 25.086 GC heap before
{Heap before GC invocations=12 (full 0):
 def new generation   total 14784K, used 4812K [0x00000000d1600000, 0x00000000d2600000, 0x00000000e0ea0000)
  eden space 13184K,  32% used [0x00000000d1600000, 0x00000000d1a29358, 0x00000000d22e0000)
  from space 1600K,  34% used [0x00000000d22e0000, 0x00000000d2369da8, 0x00000000d2470000)
  to   space 1600K,   0% used [0x00000000d2470000, 0x00000000d2470000, 0x00000000d2600000)
 tenured generation   total 32768K, used 7925K [0x00000000e0ea0000, 0x00000000e2ea0000, 0x0000000100000000)
   the space 32768K,  24% used [0x00000000e0ea0000, 0x00000000e165d7a8, 0x00000000e165d800, 0x00000000e2ea0000)
 Metaspace       used 20941K, capacity 21122K, committed 21248K, reserved 1069056K
  class space    used 2462K, capacity 2537K, committed 2560K, reserved 1048576K
Event: 25.293 GC heap after
Heap after GC invocations=13 (full 1):
 def new generation   total 14848K, used 0K [0x00000000d1600000, 0x00000000d2610000, 0x00000000e0ea0000)
  eden space 13248K,   0% used [0x00000000d1600000, 0x00000000d1600000, 0x00000000d22f0000)
  from space 1600K,   0% used [0x00000000d22f0000, 0x00000000d22f0000, 0x00000000d2480000)
  to   space 1600K,   0% used [0x00000000d2480000, 0x00000000d2480000, 0x00000000d2610000)
 tenured generation   total 32768K, used 6832K [0x00000000e0ea0000, 0x00000000e2ea0000, 0x0000000100000000)
   the space 32768K,  20% used [0x00000000e0ea0000, 0x00000000e154c0b0, 0x00000000e154c200, 0x00000000e2ea0000)
 Metaspace       used 20941K, capacity 21122K, committed 21248K, reserved 1069056K
  class space    used 2462K, capacity 2537K, committed 2560K, reserved 1048576K
}

