# JRE version: Java(TM) SE Runtime Environment (8.0_151-b12) (build 1.8.0_151-b12)
# Java VM: Java HotSpot(TM) 64-Bit Server VM (25.151-b12 mixed mode linux-amd64 compressed oops)
Heap:
 def new generation   total 14848K, used 2561K [0x00000000d1600000, 0x00000000d2610000, 0x00000000e0ea0000)
  eden space 13248K,  19% used [0x00000000d1600000, 0x00000000d1880608, 0x00000000d22f0000)
  from space 1600K,   0% used [0x00000000d22f0000, 0x00000000d22f0000, 0x00000000d2480000)
  to   space 1600K,   0% used [0x00000000d2480000, 0x00000000d2480000, 0x00000000d2610000)
 tenured generation   total 32768K, used 6837K [0x00000000e0ea0000, 0x00000000e2ea0000, 0x0000000100000000)
   the space 32768K,  20% used [0x00000000e0ea0000, 0x00000000e154d408, 0x00000000e154d600, 0x00000000e2ea0000)
 Metaspace       used 21244K, capacity 21474K, committed 21888K, reserved 1069056K
  class space    used 2495K, capacity 2569K, committed 2688K, reserved 1048576K
GC Heap History (10 events):
Event: 10.783 GC heap before
{Heap before GC invocations=8 (full 0):
 def new generation   total 14784K, used 14776K [0x00000000d1600000, 0x00000000d2600000, 0x00000000e0ea0000)
  eden space 13184K, 100% used [0x00000000d1600000, 0x00000000d22e0000, 0x00000000d22e0000)
  from space 1600K,  99% used [0x00000000d22e0000, 0x00000000d246e180, 0x00000000d2470000)
  to   space 1600K,   0% used [0x00000000d2470000, 0x00000000d2470000, 0x00000000d2600000)
 tenured generation   total 32768K, used 6539K [0x00000000e0ea0000, 0x00000000e2ea0000, 0x0000000100000000)
   the space 32768K,  19% used [0x00000000e0ea0000, 0x00000000e1502d30, 0x00000000e1502e00, 0x00000000e2ea0000)
 Metaspace       used 16964K, capacity 17152K, committed 17408K, reserved 1064960K
  class space    used 1962K, capacity 2024K, committed 2048K, reserved 1048576K
Event: 10.788 GC heap after
Heap after GC invocations=9 (full 0):
 def new generation   total 14784K, used 1599K [0x00000000d1600000, 0x00000000d2600000, 0x00000000e0ea0000)
  eden space 13184K,   0% used [0x00000000d1600000, 0x00000000d1600000, 0x00000000d22e0000)
  from space 1600K,  99% used [0x00000000d2470000, 0x00000000d25ffff0, 0x00000000d2600000)
  to   space 1600K,   0% used [0x00000000d22e0000, 0x00000000d22e0000, 0x00000000d2470000)
 tenured generation   total 32768K, used 7118K [0x00000000e0ea0000, 0x00000000e2ea0000, 0x0000000100000000)
   the space 32768K,  21% used [0x00000000e0ea0000, 0x00000000e1593b18, 0x00000000e1593c00, 0x00000000e2ea0000)
 Metaspace       used 16964K, capacity 17152K, committed 17408K, reserved 1064960K
  class space    used 1962K, capacity 2024K, committed 2048K, reserved 1048576K
}
Event: 11.920 GC heap before
{Heap before GC invocations=9 (full 0):
 def new generation   total 14784K, used 14783K [0x00000000d1600000, 0x00000000d2600000, 0x00000000e0ea0000)
  eden space 13184K, 100% used [0x00000000d1600000, 0x00000000d22e0000, 0x00000000d22e0000)
  from space 1600K,  99% used [0x00000000d2470000, 0x00000000d25ffff0, 0x00000000d2600000)
  to   space 1600K,   0% used [0x00000000d22e0000, 0x00000000d22e0000, 0x00000000d2470000)
 tenured generation   total 32768K, used 7118K [0x00000000e0ea0000, 0x00000000e2ea0000, 0x0000000100000000)
   the space 32768K,  21% used [0x00000000e0ea0000, 0x00000000e1593b18, 0x00000000e1593c00, 0x00000000e2ea0000)
 Metaspace       used 18507K, capacity 18688K, committed 18944K, reserved 1067008K
  class space    used 2192K, capacity 2280K, committed 2304K, reserved 1048576K
Event: 11.931 GC heap after
Heap after GC invocations=10 (full 0):
 def new generation   total 14784K, used 1388K [0x00000000d1600000, 0x00000000d2600000, 0x00000000e0ea0000)
  eden space 13184K,   0% used [0x00000000d1600000, 0x00000000d1600000, 0x00000000d22e0000)
  from space 1600K,  86% used [0x00000000d22e0000, 0x00000000d243b318, 0x00000000d2470000)
  to   space 1600K,   0% used [0x00000000d2470000, 0x00000000d2470000, 0x00000000d2600000)
 tenured generation   total 32768K, used 7278K [0x00000000e0ea0000, 0x00000000e2ea0000, 0x0000000100000000)
   the space 32768K,  22% used [0x00000000e0ea0000, 0x00000000e15bb8c0, 0x00000000e15bba00, 0x00000000e2ea0000)
 Metaspace       used 18507K, capacity 18688K, committed 18944K, reserved 1067008K
  class space    used 2192K, capacity 2280K, committed 2304K, reserved 1048576K
}
Event: 12.712 GC heap before
{Heap before GC invocations=10 (full 0):
 def new generation   total 14784K, used 14572K [0x00000000d1600000, 0x00000000d2600000, 0x00000000e0ea0000)
  eden space 13184K, 100% used [0x00000000d1600000, 0x00000000d22e0000, 0x00000000d22e0000)
  from space 1600K,  86% used [0x00000000d22e0000, 0x00000000d243b318, 0x00000000d2470000)
  to   space 1600K,   0% used [0x00000000d2470000, 0x00000000d2470000, 0x00000000d2600000)
 tenured generation   total 32768K, used 7278K [0x00000000e0ea0000, 0x00000000e2ea0000, 0x0000000100000000)
   the space 32768K,  22% used [0x00000000e0ea0000, 0x00000000e15bb8c0, 0x00000000e15bba00, 0x00000000e2ea0000)
 Metaspace       used 20081K, capacity 20226K, committed 20352K, reserved 1067008K
  class space    used 2356K, capacity 2409K, committed 2432K, reserved 1048576K
Event: 12.738 GC heap after
Heap after GC invocations=11 (full 0):
 def new generation   total 14784K, used 1194K [0x00000000d1600000, 0x00000000d2600000, 0x00000000e0ea0000)
  eden space 13184K,   0% used [0x00000000d1600000, 0x00000000d1600000, 0x00000000d22e0000)
  from space 1600K,  74% used [0x00000000d2470000, 0x00000000d259a828, 0x00000000d2600000)
  to   space 1600K,   0% used [0x00000000d22e0000, 0x00000000d22e0000, 0x00000000d2470000)
 tenured generation   total 32768K, used 7668K [0x00000000e0ea0000, 0x00000000e2ea0000, 0x0000000100000000)
   the space 32768K,  23% used [0x00000000e0ea0000, 0x00000000e161d0f0, 0x00000000e161d200, 0x00000000e2ea0000)
 Metaspace       used 20081K, capacity 20226K, committed 20352K, reserved 1067008K
  class space    used 2356K, capacity 2409K, committed 2432K, reserved 1048576K
}
Event: 13.509 GC heap before
{Heap before GC invocations=11 (full 0):
 def new generation   total 14784K, used 14378K [0x00000000d1600000, 0x00000000d2600000, 0x00000000e0ea0000)
  eden space 13184K, 100% used [0x00000000d1600000, 0x00000000d22e0000, 0x00000000d22e0000)
  from space 1600K,  74% used [0x00000000d2470000, 0x00000000d259a828, 0x00000000d2600000)
  to   space 1600K,   0% used [0x00000000d22e0000, 0x00000000d22e0000, 0x00000000d2470000)
 tenured generation   total 32768K, used 7668K [0x00000000e0ea0000, 0x00000000e2ea0000, 0x0000000100000000)
   the space 32768K,  23% used [0x00000000e0ea0000, 0x00000000e161d0f0, 0x00000000e161d200, 0x00000000e2ea0000)
 Metaspace       used 20352K, capacity 20578K, committed 20992K, reserved 1067008K
  class space    used 2387K, capacity 2441K, committed 2560K, reserved 1048576K
Event: 13.517 GC heap after
Heap after GC invocations=12 (full 0):
 def new generation   total 14784K, used 552K [0x00000000d1600000, 0x00000000d2600000, 0x00000000e0ea0000)
  eden space 13184K,   0% used [0x00000000d1600000, 0x00000000d1600000, 0x00000000d22e0000)
  from space 1600K,  34% used [0x00000000d22e0000, 0x00000000d236a358, 0x00000000d2470000)
  to   space 1600K,   0% used [0x00000000d2470000, 0x00000000d2470000, 0x00000000d2600000)
 tenured generation   total 32768K, used 7909K [0x00000000e0ea0000, 0x00000000e2ea0000, 0x0000000100000000)
   the space 32768K,  24% used [0x00000000e0ea0000, 0x00000000e16595f0, 0x00000000e1659600, 0x00000000e2ea0000)
 Metaspace       used 20352K, capacity 20578K, committed 20992K, reserved 1067008K
  class space    used 2387K, capacity 2441K, committed 2560K, reserved 1048576K
}
Event: 13.820 GC heap before
{Heap before GC invocations=12 (full 0):
 def new generation   total 14784K, used 4803K [0x00000000d1600000, 0x00000000d2600000, 0x00000000e0ea0000)
  eden space 13184K,  32% used [0x00000000d1600000, 0x00000000d1a26b60, 0x00000000d22e0000)
  from space 1600K,  34% used [0x00000000d22e0000, 0x00000000d236a358, 0x00000000d2470000)
  to   space 1600K,   0% used [0x00000000d2470000, 0x00000000d2470000, 0x00000000d2600000)
 tenured generation   total 32768K, used 7909K [0x00000000e0ea0000, 0x00000000e2ea0000, 0x0000000100000000)
   the space 32768K,  24% used [0x00000000e0ea0000, 0x00000000e16595f0, 0x00000000e1659600, 0x00000000e2ea0000)
 Metaspace       used 20933K, capacity 21122K, committed 21248K, reserved 1069056K
  class space    used 2462K, capacity 2537K, committed 2560K, reserved 1048576K
Event: 13.969 GC heap after
Heap after GC invocations=13 (full 1):
 def new generation   total 14848K, used 0K [0x00000000d1600000, 0x00000000d2610000, 0x00000000e0ea0000)
  eden space 13248K,   0% used [0x00000000d1600000, 0x00000000d1600000, 0x00000000d22f0000)
  from space 1600K,   0% used [0x00000000d22f0000, 0x00000000d22f0000, 0x00000000d2480000)
  to   space 1600K,   0% used [0x00000000d2480000, 0x00000000d2480000, 0x00000000d2610000)
 tenured generation   total 32768K, used 6837K [0x00000000e0ea0000, 0x00000000e2ea0000, 0x0000000100000000)
   the space 32768K,  20% used [0x00000000e0ea0000, 0x00000000e154d408, 0x00000000e154d600, 0x00000000e2ea0000)
 Metaspace       used 20933K, capacity 21122K, committed 21248K, reserved 1069056K
  class space    used 2462K, capacity 2537K, committed 2560K, reserved 1048576K
}

