# JRE version: Java(TM) SE Runtime Environment (8.0_151-b12) (build 1.8.0_151-b12)
# Java VM: Java HotSpot(TM) 64-Bit Server VM (25.151-b12 mixed mode linux-amd64 compressed oops)
Heap:
 def new generation   total 14848K, used 2684K [0x00000000d1600000, 0x00000000d2610000, 0x00000000e0ea0000)
  eden space 13248K,  20% used [0x00000000d1600000, 0x00000000d189f138, 0x00000000d22f0000)
  from space 1600K,   0% used [0x00000000d22f0000, 0x00000000d22f0000, 0x00000000d2480000)
  to   space 1600K,   0% used [0x00000000d2480000, 0x00000000d2480000, 0x00000000d2610000)
 tenured generation   total 32768K, used 6807K [0x00000000e0ea0000, 0x00000000e2ea0000, 0x0000000100000000)
   the space 32768K,  20% used [0x00000000e0ea0000, 0x00000000e1545c68, 0x00000000e1545e00, 0x00000000e2ea0000)
 Metaspace       used 21251K, capacity 21474K, committed 21888K, reserved 1069056K
  class space    used 2498K, capacity 2569K, committed 2688K, reserved 1048576K
GC Heap History (10 events):
Event: 13.551 GC heap before
{Heap before GC invocations=8 (full 0):
 def new generation   total 14784K, used 14772K [0x00000000d1600000, 0x00000000d2600000, 0x00000000e0ea0000)
  eden space 13184K, 100% used [0x00000000d1600000, 0x00000000d22e0000, 0x00000000d22e0000)
  from space 1600K,  99% used [0x00000000d22e0000, 0x00000000d246d250, 0x00000000d2470000)
  to   space 1600K,   0% used [0x00000000d2470000, 0x00000000d2470000, 0x00000000d2600000)
 tenured generation   total 32768K, used 6520K [0x00000000e0ea0000, 0x00000000e2ea0000, 0x0000000100000000)
   the space 32768K,  19% used [0x00000000e0ea0000, 0x00000000e14fe0f8, 0x00000000e14fe200, 0x00000000e2ea0000)
 Metaspace       used 16946K, capacity 17152K, committed 17408K, reserved 1064960K
  class space    used 1960K, capacity 2024K, committed 2048K, reserved 1048576K
Event: 13.563 GC heap after
Heap after GC invocations=9 (full 0):
 def new generation   total 14784K, used 1599K [0x00000000d1600000, 0x00000000d2600000, 0x00000000e0ea0000)
  eden space 13184K,   0% used [0x00000000d1600000, 0x00000000d1600000, 0x00000000d22e0000)
  from space 1600K,  99% used [0x00000000d2470000, 0x00000000d25ffff0, 0x00000000d2600000)
  to   space 1600K,   0% used [0x00000000d22e0000, 0x00000000d22e0000, 0x00000000d2470000)
 tenured generation   total 32768K, used 7133K [0x00000000e0ea0000, 0x00000000e2ea0000, 0x0000000100000000)
   the space 32768K,  21% used [0x00000000e0ea0000, 0x00000000e1597588, 0x00000000e1597600, 0x00000000e2ea0000)
 Metaspace       used 16946K, capacity 17152K, committed 17408K, reserved 1064960K
  class space    used 1960K, capacity 2024K, committed 2048K, reserved 1048576K
}
Event: 14.955 GC heap before
{Heap before GC invocations=9 (full 0):
 def new generation   total 14784K, used 14783K [0x00000000d1600000, 0x00000000d2600000, 0x00000000e0ea0000)
  eden space 13184K, 100% used [0x00000000d1600000, 0x00000000d22e0000, 0x00000000d22e0000)
  from space 1600K,  99% used [0x00000000d2470000, 0x00000000d25ffff0, 0x00000000d2600000)
  to   space 1600K,   0% used [0x00000000d22e0000, 0x00000000d22e0000, 0x00000000d2470000)
 tenured generation   total 32768K, used 7133K [0x00000000e0ea0000, 0x00000000e2ea0000, 0x0000000100000000)
   the space 32768K,  21% used [0x00000000e0ea0000, 0x00000000e1597588, 0x00000000e1597600, 0x00000000e2ea0000)
 Metaspace       used 18454K, capacity 18688K, committed 18944K, reserved 1067008K
  class space    used 2184K, capacity 2280K, committed 2304K, reserved 1048576K
Event: 14.972 GC heap after
Heap after GC invocations=10 (full 0):
 def new generation   total 14784K, used 1378K [0x00000000d1600000, 0x00000000d2600000, 0x00000000e0ea0000)
  eden space 13184K,   0% used [0x00000000d1600000, 0x00000000d1600000, 0x00000000d22e0000)
  from space 1600K,  86% used [0x00000000d22e0000, 0x00000000d2438aa0, 0x00000000d2470000)
  to   space 1600K,   0% used [0x00000000d2470000, 0x00000000d2470000, 0x00000000d2600000)
 tenured generation   total 32768K, used 7258K [0x00000000e0ea0000, 0x00000000e2ea0000, 0x0000000100000000)
   the space 32768K,  22% used [0x00000000e0ea0000, 0x00000000e15b6948, 0x00000000e15b6a00, 0x00000000e2ea0000)
 Metaspace       used 18454K, capacity 18688K, committed 18944K, reserved 1067008K
  class space    used 2184K, capacity 2280K, committed 2304K, reserved 1048576K
}
Event: 15.898 GC heap before
{Heap before GC invocations=10 (full 0):
 def new generation   total 14784K, used 14562K [0x00000000d1600000, 0x00000000d2600000, 0x00000000e0ea0000)
  eden space 13184K, 100% used [0x00000000d1600000, 0x00000000d22e0000, 0x00000000d22e0000)
  from space 1600K,  86% used [0x00000000d22e0000, 0x00000000d2438aa0, 0x00000000d2470000)
  to   space 1600K,   0% used [0x00000000d2470000, 0x00000000d2470000, 0x00000000d2600000)
 tenured generation   total 32768K, used 7258K [0x00000000e0ea0000, 0x00000000e2ea0000, 0x0000000100000000)
   the space 32768K,  22% used [0x00000000e0ea0000, 0x00000000e15b6948, 0x00000000e15b6a00, 0x00000000e2ea0000)
 Metaspace       used 20079K, capacity 20226K, committed 20352K, reserved 1067008K
  class space    used 2355K, capacity 2409K, committed 2432K, reserved 1048576K
Event: 15.904 GC heap after
Heap after GC invocations=11 (full 0):
 def new generation   total 14784K, used 1086K [0x00000000d1600000, 0x00000000d2600000, 0x00000000e0ea0000)
  eden space 13184K,   0% used [0x00000000d1600000, 0x00000000d1600000, 0x00000000d22e0000)
  from space 1600K,  67% used [0x00000000d2470000, 0x00000000d257f890, 0x00000000d2600000)
  to   space 1600K,   0% used [0x00000000d22e0000, 0x00000000d22e0000, 0x00000000d2470000)
 tenured generation   total 32768K, used 7675K [0x00000000e0ea0000, 0x00000000e2ea0000, 0x0000000100000000)
   the space 32768K,  23% used [0x00000000e0ea0000, 0x00000000e161ef40, 0x00000000e161f000, 0x00000000e2ea0000)
 Metaspace       used 20079K, capacity 20226K, committed 20352K, reserved 1067008K
  class space    used 2355K, capacity 2409K, committed 2432K, reserved 1048576K
}
Event: 16.836 GC heap before
{Heap before GC invocations=11 (full 0):
 def new generation   total 14784K, used 14270K [0x00000000d1600000, 0x00000000d2600000, 0x00000000e0ea0000)
  eden space 13184K, 100% used [0x00000000d1600000, 0x00000000d22e0000, 0x00000000d22e0000)
  from space 1600K,  67% used [0x00000000d2470000, 0x00000000d257f890, 0x00000000d2600000)
  to   space 1600K,   0% used [0x00000000d22e0000, 0x00000000d22e0000, 0x00000000d2470000)
 tenured generation   total 32768K, used 7675K [0x00000000e0ea0000, 0x00000000e2ea0000, 0x0000000100000000)
   the space 32768K,  23% used [0x00000000e0ea0000, 0x00000000e161ef40, 0x00000000e161f000, 0x00000000e2ea0000)
 Metaspace       used 20322K, capacity 20514K, committed 20736K, reserved 1067008K
  class space    used 2383K, capacity 2441K, committed 2560K, reserved 1048576K
Event: 16.848 GC heap after
Heap after GC invocations=12 (full 0):
 def new generation   total 14784K, used 626K [0x00000000d1600000, 0x00000000d2600000, 0x00000000e0ea0000)
  eden space 13184K,   0% used [0x00000000d1600000, 0x00000000d1600000, 0x00000000d22e0000)
  from space 1600K,  39% used [0x00000000d22e0000, 0x00000000d237cb50, 0x00000000d2470000)
  to   space 1600K,   0% used [0x00000000d2470000, 0x00000000d2470000, 0x00000000d2600000)
 tenured generation   total 32768K, used 7866K [0x00000000e0ea0000, 0x00000000e2ea0000, 0x0000000100000000)
   the space 32768K,  24% used [0x00000000e0ea0000, 0x00000000e164eb00, 0x00000000e164ec00, 0x00000000e2ea0000)
 Metaspace       used 20322K, capacity 20514K, committed 20736K, reserved 1067008K
  class space    used 2383K, capacity 2441K, committed 2560K, reserved 1048576K
}
Event: 17.245 GC heap before
{Heap before GC invocations=12 (full 0):
 def new generation   total 14784K, used 4870K [0x00000000d1600000, 0x00000000d2600000, 0x00000000e0ea0000)
  eden space 13184K,  32% used [0x00000000d1600000, 0x00000000d1a24f20, 0x00000000d22e0000)
  from space 1600K,  39% used [0x00000000d22e0000, 0x00000000d237cb50, 0x00000000d2470000)
  to   space 1600K,   0% used [0x00000000d2470000, 0x00000000d2470000, 0x00000000d2600000)
 tenured generation   total 32768K, used 7866K [0x00000000e0ea0000, 0x00000000e2ea0000, 0x0000000100000000)
   the space 32768K,  24% used [0x00000000e0ea0000, 0x00000000e164eb00, 0x00000000e164ec00, 0x00000000e2ea0000)
 Metaspace       used 20929K, capacity 21122K, committed 21248K, reserved 1069056K
  class space    used 2462K, capacity 2537K, committed 2560K, reserved 1048576K
Event: 17.408 GC heap after
Heap after GC invocations=13 (full 1):
 def new generation   total 14848K, used 0K [0x00000000d1600000, 0x00000000d2610000, 0x00000000e0ea0000)
  eden space 13248K,   0% used [0x00000000d1600000, 0x00000000d1600000, 0x00000000d22f0000)
  from space 1600K,   0% used [0x00000000d22f0000, 0x00000000d22f0000, 0x00000000d2480000)
  to   space 1600K,   0% used [0x00000000d2480000, 0x00000000d2480000, 0x00000000d2610000)
 tenured generation   total 32768K, used 6807K [0x00000000e0ea0000, 0x00000000e2ea0000, 0x0000000100000000)
   the space 32768K,  20% used [0x00000000e0ea0000, 0x00000000e1545c68, 0x00000000e1545e00, 0x00000000e2ea0000)
 Metaspace       used 20929K, capacity 21122K, committed 21248K, reserved 1069056K
  class space    used 2462K, capacity 2537K, committed 2560K, reserved 1048576K
}

